[0.007s] Invoking command in '/home/utkarsh/arm_ws/build/motion_control': CMAKE_PREFIX_PATH=${CMAKE_PREFIX_PATH}:/home/utkarsh/arm_ws/install/scene_manager:/home/utkarsh/arm_ws/install/robotic_arm_description:/opt/ros/humble /usr/bin/cmake --build /home/utkarsh/arm_ws/build/motion_control -- -j16 -l16
[0.025s] -- Found ament_cmake: 1.3.12 (/opt/ros/humble/share/ament_cmake/cmake)
[0.107s] -- Found rclcpp: 16.0.16 (/opt/ros/humble/share/rclcpp/cmake)
[0.124s] -- Found rosidl_generator_c: 3.1.7 (/opt/ros/humble/share/rosidl_generator_c/cmake)
[0.125s] -- Found rosidl_adapter: 3.1.7 (/opt/ros/humble/share/rosidl_adapter/cmake)
[0.128s] -- Found rosidl_generator_cpp: 3.1.7 (/opt/ros/humble/share/rosidl_generator_cpp/cmake)
[0.133s] -- Using all available rosidl_typesupport_c: rosidl_typesupport_fastrtps_c;rosidl_typesupport_introspection_c
[0.140s] -- Using all available rosidl_typesupport_cpp: rosidl_typesupport_fastrtps_cpp;rosidl_typesupport_introspection_cpp
[0.157s] -- Found rmw_implementation_cmake: 6.1.2 (/opt/ros/humble/share/rmw_implementation_cmake/cmake)
[0.158s] -- Found rmw_fastrtps_cpp: 6.2.9 (/opt/ros/humble/share/rmw_fastrtps_cpp/cmake)
[0.222s] -- Using RMW implementation 'rmw_fastrtps_cpp' as default
[0.248s] -- Found moveit_ros_planning_interface: 2.5.9 (/opt/ros/humble/share/moveit_ros_planning_interface/cmake)
[0.254s] -- Found Boost: /usr/lib/x86_64-linux-gnu/cmake/Boost-1.74.0/BoostConfig.cmake (found version "1.74.0") found components: date_time filesystem program_options system thread 
[0.338s] -- Found Boost: /usr/lib/x86_64-linux-gnu/cmake/Boost-1.74.0/BoostConfig.cmake (found version "1.74.0") found components: chrono date_time filesystem iostreams program_options regex serialization system thread 
[0.351s] -- Found parameter_traits: 0.5.0 (/opt/ros/humble/share/parameter_traits/cmake)
[0.355s] -- Found rclcpp_lifecycle: 16.0.16 (/opt/ros/humble/share/rclcpp_lifecycle/cmake)
[0.366s] -- Found Boost: /usr/lib/x86_64-linux-gnu/cmake/Boost-1.74.0/BoostConfig.cmake (found version "1.74.0") found components: filesystem 
[0.386s] -- library: /usr/lib/x86_64-linux-gnu/libcurl.so
[0.400s] -- Ensuring Eigen3 include directory is part of orocos-kdl CMake target
[0.459s] -- Found Boost: /usr/lib/x86_64-linux-gnu/cmake/Boost-1.74.0/BoostConfig.cmake (found version "1.74.0") found components: system filesystem date_time program_options thread chrono 
[0.475s] -- Found Boost: /usr/lib/x86_64-linux-gnu/cmake/Boost-1.74.0/BoostConfig.cmake (found version "1.74.0") found components: thread system filesystem regex date_time program_options 
[0.486s] -- Found Boost: /usr/lib/x86_64-linux-gnu/cmake/Boost-1.74.0/BoostConfig.cmake (found version "1.74.0") found components: system filesystem date_time program_options thread 
[0.539s] -- Configuring done
[0.552s] -- Generating done
[0.556s] -- Build files have been written to: /home/utkarsh/arm_ws/build/motion_control
[0.583s] [ 50%] [32mBuilding CXX object CMakeFiles/moving_node.dir/src/moving.cpp.o[0m
[4.441s] [100%] [32m[1mLinking CXX executable moving_node[0m
[4.601s] [100%] Built target moving_node
[4.608s] Invoked command in '/home/utkarsh/arm_ws/build/motion_control' returned '0': CMAKE_PREFIX_PATH=${CMAKE_PREFIX_PATH}:/home/utkarsh/arm_ws/install/scene_manager:/home/utkarsh/arm_ws/install/robotic_arm_description:/opt/ros/humble /usr/bin/cmake --build /home/utkarsh/arm_ws/build/motion_control -- -j16 -l16
[4.614s] Invoking command in '/home/utkarsh/arm_ws/build/motion_control': CMAKE_PREFIX_PATH=${CMAKE_PREFIX_PATH}:/home/utkarsh/arm_ws/install/scene_manager:/home/utkarsh/arm_ws/install/robotic_arm_description:/opt/ros/humble /usr/bin/cmake --install /home/utkarsh/arm_ws/build/motion_control
[4.619s] -- Install configuration: ""
[4.619s] -- Installing: /home/utkarsh/arm_ws/install/motion_control/lib/motion_control/moving_node
[4.619s] -- Set runtime path of "/home/utkarsh/arm_ws/install/motion_control/lib/motion_control/moving_node" to ""
[4.619s] -- Installing: /home/utkarsh/arm_ws/install/motion_control/share/ament_index/resource_index/package_run_dependencies/motion_control
[4.619s] -- Installing: /home/utkarsh/arm_ws/install/motion_control/share/ament_index/resource_index/parent_prefix_path/motion_control
[4.619s] -- Up-to-date: /home/utkarsh/arm_ws/install/motion_control/share/motion_control/environment/ament_prefix_path.sh
[4.619s] -- Installing: /home/utkarsh/arm_ws/install/motion_control/share/motion_control/environment/ament_prefix_path.dsv
[4.619s] -- Up-to-date: /home/utkarsh/arm_ws/install/motion_control/share/motion_control/environment/path.sh
[4.619s] -- Installing: /home/utkarsh/arm_ws/install/motion_control/share/motion_control/environment/path.dsv
[4.619s] -- Up-to-date: /home/utkarsh/arm_ws/install/motion_control/share/motion_control/local_setup.bash
[4.619s] -- Up-to-date: /home/utkarsh/arm_ws/install/motion_control/share/motion_control/local_setup.sh
[4.620s] -- Up-to-date: /home/utkarsh/arm_ws/install/motion_control/share/motion_control/local_setup.zsh
[4.620s] -- Installing: /home/utkarsh/arm_ws/install/motion_control/share/motion_control/local_setup.dsv
[4.620s] -- Installing: /home/utkarsh/arm_ws/install/motion_control/share/motion_control/package.dsv
[4.620s] -- Up-to-date: /home/utkarsh/arm_ws/install/motion_control/share/ament_index/resource_index/packages/motion_control
[4.620s] -- Up-to-date: /home/utkarsh/arm_ws/install/motion_control/share/motion_control/cmake/motion_controlConfig.cmake
[4.620s] -- Up-to-date: /home/utkarsh/arm_ws/install/motion_control/share/motion_control/cmake/motion_controlConfig-version.cmake
[4.620s] -- Installing: /home/utkarsh/arm_ws/install/motion_control/share/motion_control/package.xml
[4.621s] Invoked command in '/home/utkarsh/arm_ws/build/motion_control' returned '0': CMAKE_PREFIX_PATH=${CMAKE_PREFIX_PATH}:/home/utkarsh/arm_ws/install/scene_manager:/home/utkarsh/arm_ws/install/robotic_arm_description:/opt/ros/humble /usr/bin/cmake --install /home/utkarsh/arm_ws/build/motion_control
