[0.515s] Invoking command in '/home/utkarsh/arm_ws/src/scene_manager': PYTHONPATH=/home/utkarsh/arm_ws/build/scene_manager/prefix_override:/usr/lib/python3/dist-packages/colcon_core/task/python/colcon_distutils_commands:/home/utkarsh/arm_ws/install/scene_manager/lib/python3.10/site-packages:${PYTHONPATH} /usr/bin/python3 -W ignore:setup.py install is deprecated -W ignore:easy_install command is deprecated setup.py egg_info --egg-base ../../build/scene_manager build --build-base /home/utkarsh/arm_ws/build/scene_manager/build install --record /home/utkarsh/arm_ws/build/scene_manager/install.log --single-version-externally-managed install_data
[0.638s] running egg_info
[0.638s] writing ../../build/scene_manager/scene_manager.egg-info/PKG-INFO
[0.638s] writing dependency_links to ../../build/scene_manager/scene_manager.egg-info/dependency_links.txt
[0.638s] writing entry points to ../../build/scene_manager/scene_manager.egg-info/entry_points.txt
[0.638s] writing requirements to ../../build/scene_manager/scene_manager.egg-info/requires.txt
[0.638s] writing top-level names to ../../build/scene_manager/scene_manager.egg-info/top_level.txt
[0.639s] reading manifest file '../../build/scene_manager/scene_manager.egg-info/SOURCES.txt'
[0.640s] writing manifest file '../../build/scene_manager/scene_manager.egg-info/SOURCES.txt'
[0.640s] running build
[0.640s] running build_py
[0.640s] running install
[0.640s] running install_lib
[0.641s] running install_data
[0.641s] running install_egg_info
[0.642s] removing '/home/utkarsh/arm_ws/install/scene_manager/lib/python3.10/site-packages/scene_manager-0.0.0-py3.10.egg-info' (and everything under it)
[0.642s] Copying ../../build/scene_manager/scene_manager.egg-info to /home/utkarsh/arm_ws/install/scene_manager/lib/python3.10/site-packages/scene_manager-0.0.0-py3.10.egg-info
[0.642s] running install_scripts
[0.654s] Installing add_box script to /home/utkarsh/arm_ws/install/scene_manager/lib/scene_manager
[0.654s] writing list of installed files to '/home/utkarsh/arm_ws/build/scene_manager/install.log'
[0.668s] Invoked command in '/home/utkarsh/arm_ws/src/scene_manager' returned '0': PYTHONPATH=/home/utkarsh/arm_ws/build/scene_manager/prefix_override:/usr/lib/python3/dist-packages/colcon_core/task/python/colcon_distutils_commands:/home/utkarsh/arm_ws/install/scene_manager/lib/python3.10/site-packages:${PYTHONPATH} /usr/bin/python3 -W ignore:setup.py install is deprecated -W ignore:easy_install command is deprecated setup.py egg_info --egg-base ../../build/scene_manager build --build-base /home/utkarsh/arm_ws/build/scene_manager/build install --record /home/utkarsh/arm_ws/build/scene_manager/install.log --single-version-externally-managed install_data
