[ 50%] [32mBuilding CXX object CMakeFiles/moving_node.dir/src/moving.cpp.o[0m
[100%] [32m[1mLinking CXX executable moving_node[0m
[100%] Built target moving_node
-- Install configuration: ""
-- Installing: /home/utkarsh/arm_ws/install/motion_control/lib/motion_control/moving_node
-- Set runtime path of "/home/utkarsh/arm_ws/install/motion_control/lib/motion_control/moving_node" to ""
-- Up-to-date: /home/utkarsh/arm_ws/install/motion_control/share/ament_index/resource_index/package_run_dependencies/motion_control
-- Up-to-date: /home/utkarsh/arm_ws/install/motion_control/share/ament_index/resource_index/parent_prefix_path/motion_control
-- Up-to-date: /home/utkarsh/arm_ws/install/motion_control/share/motion_control/environment/ament_prefix_path.sh
-- Up-to-date: /home/utkarsh/arm_ws/install/motion_control/share/motion_control/environment/ament_prefix_path.dsv
-- Up-to-date: /home/utkarsh/arm_ws/install/motion_control/share/motion_control/environment/path.sh
-- Up-to-date: /home/utkarsh/arm_ws/install/motion_control/share/motion_control/environment/path.dsv
-- Up-to-date: /home/utkarsh/arm_ws/install/motion_control/share/motion_control/local_setup.bash
-- Up-to-date: /home/utkarsh/arm_ws/install/motion_control/share/motion_control/local_setup.sh
-- Up-to-date: /home/utkarsh/arm_ws/install/motion_control/share/motion_control/local_setup.zsh
-- Up-to-date: /home/utkarsh/arm_ws/install/motion_control/share/motion_control/local_setup.dsv
-- Installing: /home/utkarsh/arm_ws/install/motion_control/share/motion_control/package.dsv
-- Up-to-date: /home/utkarsh/arm_ws/install/motion_control/share/ament_index/resource_index/packages/motion_control
-- Up-to-date: /home/utkarsh/arm_ws/install/motion_control/share/motion_control/cmake/motion_controlConfig.cmake
-- Up-to-date: /home/utkarsh/arm_ws/install/motion_control/share/motion_control/cmake/motion_controlConfig-version.cmake
-- Up-to-date: /home/utkarsh/arm_ws/install/motion_control/share/motion_control/package.xml
