[0.145s] Invoking command in '/home/utkarsh/arm_ws/build/motion_control': CMAKE_PREFIX_PATH=${CMAKE_PREFIX_PATH}:/home/utkarsh/arm_ws/install/scene_manager:/home/utkarsh/arm_ws/install/robotic_arm_description:/opt/ros/humble /usr/bin/cmake --build /home/utkarsh/arm_ws/build/motion_control -- -j16 -l16
[0.186s] [ 50%] [32mBuilding CXX object CMakeFiles/moving_node.dir/src/moving.cpp.o[0m
[4.052s] [100%] [32m[1mLinking CXX executable moving_node[0m
[4.208s] [100%] Built target moving_node
[4.216s] Invoked command in '/home/utkarsh/arm_ws/build/motion_control' returned '0': CMAKE_PREFIX_PATH=${CMAKE_PREFIX_PATH}:/home/utkarsh/arm_ws/install/scene_manager:/home/utkarsh/arm_ws/install/robotic_arm_description:/opt/ros/humble /usr/bin/cmake --build /home/utkarsh/arm_ws/build/motion_control -- -j16 -l16
[4.216s] Invoking command in '/home/utkarsh/arm_ws/build/motion_control': CMAKE_PREFIX_PATH=${CMAKE_PREFIX_PATH}:/home/utkarsh/arm_ws/install/scene_manager:/home/utkarsh/arm_ws/install/robotic_arm_description:/opt/ros/humble /usr/bin/cmake --install /home/utkarsh/arm_ws/build/motion_control
[4.221s] -- Install configuration: ""
[4.221s] -- Installing: /home/utkarsh/arm_ws/install/motion_control/lib/motion_control/moving_node
[4.222s] -- Set runtime path of "/home/utkarsh/arm_ws/install/motion_control/lib/motion_control/moving_node" to ""
[4.222s] -- Up-to-date: /home/utkarsh/arm_ws/install/motion_control/share/ament_index/resource_index/package_run_dependencies/motion_control
[4.222s] -- Up-to-date: /home/utkarsh/arm_ws/install/motion_control/share/ament_index/resource_index/parent_prefix_path/motion_control
[4.222s] -- Up-to-date: /home/utkarsh/arm_ws/install/motion_control/share/motion_control/environment/ament_prefix_path.sh
[4.222s] -- Up-to-date: /home/utkarsh/arm_ws/install/motion_control/share/motion_control/environment/ament_prefix_path.dsv
[4.222s] -- Up-to-date: /home/utkarsh/arm_ws/install/motion_control/share/motion_control/environment/path.sh
[4.222s] -- Up-to-date: /home/utkarsh/arm_ws/install/motion_control/share/motion_control/environment/path.dsv
[4.222s] -- Up-to-date: /home/utkarsh/arm_ws/install/motion_control/share/motion_control/local_setup.bash
[4.222s] -- Up-to-date: /home/utkarsh/arm_ws/install/motion_control/share/motion_control/local_setup.sh
[4.222s] -- Up-to-date: /home/utkarsh/arm_ws/install/motion_control/share/motion_control/local_setup.zsh
[4.222s] -- Up-to-date: /home/utkarsh/arm_ws/install/motion_control/share/motion_control/local_setup.dsv
[4.222s] -- Installing: /home/utkarsh/arm_ws/install/motion_control/share/motion_control/package.dsv
[4.222s] -- Up-to-date: /home/utkarsh/arm_ws/install/motion_control/share/ament_index/resource_index/packages/motion_control
[4.222s] -- Up-to-date: /home/utkarsh/arm_ws/install/motion_control/share/motion_control/cmake/motion_controlConfig.cmake
[4.222s] -- Up-to-date: /home/utkarsh/arm_ws/install/motion_control/share/motion_control/cmake/motion_controlConfig-version.cmake
[4.222s] -- Up-to-date: /home/utkarsh/arm_ws/install/motion_control/share/motion_control/package.xml
[4.223s] Invoked command in '/home/utkarsh/arm_ws/build/motion_control' returned '0': CMAKE_PREFIX_PATH=${CMAKE_PREFIX_PATH}:/home/utkarsh/arm_ws/install/scene_manager:/home/utkarsh/arm_ws/install/robotic_arm_description:/opt/ros/humble /usr/bin/cmake --install /home/utkarsh/arm_ws/build/motion_control
