[0.145s] Invoking command in '/home/utkarsh/arm_ws/build/motion_control': CMAKE_PREFIX_PATH=${CMAKE_PREFIX_PATH}:/home/utkarsh/arm_ws/install/scene_manager:/home/utkarsh/arm_ws/install/robotic_arm_description:/opt/ros/humble /usr/bin/cmake --build /home/utkarsh/arm_ws/build/motion_control -- -j16 -l16
[0.176s] [35m[1mConsolidate compiler generated dependencies of target moving_node[0m
[0.190s] [100%] Built target moving_node
[0.288s] Invoked command in '/home/utkarsh/arm_ws/build/motion_control' returned '0': CMAKE_PREFIX_PATH=${CMAKE_PREFIX_PATH}:/home/utkarsh/arm_ws/install/scene_manager:/home/utkarsh/arm_ws/install/robotic_arm_description:/opt/ros/humble /usr/bin/cmake --build /home/utkarsh/arm_ws/build/motion_control -- -j16 -l16
[0.295s] Invoking command in '/home/utkarsh/arm_ws/build/motion_control': CMAKE_PREFIX_PATH=${CMAKE_PREFIX_PATH}:/home/utkarsh/arm_ws/install/scene_manager:/home/utkarsh/arm_ws/install/robotic_arm_description:/opt/ros/humble /usr/bin/cmake --install /home/utkarsh/arm_ws/build/motion_control
[0.300s] -- Install configuration: ""
[0.300s] -- Up-to-date: /home/utkarsh/arm_ws/install/motion_control/lib/motion_control/moving_node
[0.301s] -- Up-to-date: /home/utkarsh/arm_ws/install/motion_control/share/ament_index/resource_index/package_run_dependencies/motion_control
[0.301s] -- Up-to-date: /home/utkarsh/arm_ws/install/motion_control/share/ament_index/resource_index/parent_prefix_path/motion_control
[0.301s] -- Up-to-date: /home/utkarsh/arm_ws/install/motion_control/share/motion_control/environment/ament_prefix_path.sh
[0.301s] -- Up-to-date: /home/utkarsh/arm_ws/install/motion_control/share/motion_control/environment/ament_prefix_path.dsv
[0.301s] -- Up-to-date: /home/utkarsh/arm_ws/install/motion_control/share/motion_control/environment/path.sh
[0.301s] -- Up-to-date: /home/utkarsh/arm_ws/install/motion_control/share/motion_control/environment/path.dsv
[0.301s] -- Up-to-date: /home/utkarsh/arm_ws/install/motion_control/share/motion_control/local_setup.bash
[0.301s] -- Up-to-date: /home/utkarsh/arm_ws/install/motion_control/share/motion_control/local_setup.sh
[0.301s] -- Up-to-date: /home/utkarsh/arm_ws/install/motion_control/share/motion_control/local_setup.zsh
[0.301s] -- Up-to-date: /home/utkarsh/arm_ws/install/motion_control/share/motion_control/local_setup.dsv
[0.301s] -- Installing: /home/utkarsh/arm_ws/install/motion_control/share/motion_control/package.dsv
[0.301s] -- Up-to-date: /home/utkarsh/arm_ws/install/motion_control/share/ament_index/resource_index/packages/motion_control
[0.301s] -- Up-to-date: /home/utkarsh/arm_ws/install/motion_control/share/motion_control/cmake/motion_controlConfig.cmake
[0.302s] -- Up-to-date: /home/utkarsh/arm_ws/install/motion_control/share/motion_control/cmake/motion_controlConfig-version.cmake
[0.302s] -- Up-to-date: /home/utkarsh/arm_ws/install/motion_control/share/motion_control/package.xml
[0.302s] Invoked command in '/home/utkarsh/arm_ws/build/motion_control' returned '0': CMAKE_PREFIX_PATH=${CMAKE_PREFIX_PATH}:/home/utkarsh/arm_ws/install/scene_manager:/home/utkarsh/arm_ws/install/robotic_arm_description:/opt/ros/humble /usr/bin/cmake --install /home/utkarsh/arm_ws/build/motion_control
