[0.007s] Invoking command in '/home/utkarsh/arm_ws/build/motion_control': CMAKE_PREFIX_PATH=${CMAKE_PREFIX_PATH}:/home/utkarsh/arm_ws/install/scene_manager:/home/utkarsh/arm_ws/install/robotic_arm_description:/opt/ros/humble /usr/bin/cmake /home/utkarsh/arm_ws/src/motion_control -DCMAKE_INSTALL_PREFIX=/home/utkarsh/arm_ws/install/motion_control
[0.044s] -- The C compiler identification is GNU 11.4.0
[0.077s] -- The CXX compiler identification is GNU 11.4.0
[0.081s] -- Detecting C compiler ABI info
[0.129s] -- Detecting C compiler ABI info - done
[0.136s] -- Check for working C compiler: /usr/bin/cc - skipped
[0.136s] -- Detecting C compile features
[0.136s] -- Detecting C compile features - done
[0.138s] -- Detecting CXX compiler ABI info
[0.189s] -- Detecting CXX compiler ABI info - done
[0.193s] -- Check for working CXX compiler: /usr/bin/c++ - skipped
[0.193s] -- Detecting CXX compile features
[0.194s] -- Detecting CXX compile features - done
[0.195s] -- Found ament_cmake: 1.3.12 (/opt/ros/humble/share/ament_cmake/cmake)
[0.300s] -- Found Python3: /usr/bin/python3 (found version "3.10.12") found components: Interpreter 
[0.357s] -- Found rclcpp: 16.0.16 (/opt/ros/humble/share/rclcpp/cmake)
[0.390s] -- Found rosidl_generator_c: 3.1.7 (/opt/ros/humble/share/rosidl_generator_c/cmake)
[0.393s] -- Found rosidl_adapter: 3.1.7 (/opt/ros/humble/share/rosidl_adapter/cmake)
[0.399s] -- Found rosidl_generator_cpp: 3.1.7 (/opt/ros/humble/share/rosidl_generator_cpp/cmake)
[0.408s] -- Using all available rosidl_typesupport_c: rosidl_typesupport_fastrtps_c;rosidl_typesupport_introspection_c
[0.419s] -- Using all available rosidl_typesupport_cpp: rosidl_typesupport_fastrtps_cpp;rosidl_typesupport_introspection_cpp
[0.451s] -- Found rmw_implementation_cmake: 6.1.2 (/opt/ros/humble/share/rmw_implementation_cmake/cmake)
[0.453s] -- Found rmw_fastrtps_cpp: 6.2.9 (/opt/ros/humble/share/rmw_fastrtps_cpp/cmake)
[0.514s] -- Found OpenSSL: /usr/lib/x86_64-linux-gnu/libcrypto.so (found version "3.0.2")  
[0.531s] -- Found FastRTPS: /opt/ros/humble/include  
[0.558s] -- Using RMW implementation 'rmw_fastrtps_cpp' as default
[0.564s] -- Looking for pthread.h
[0.611s] -- Looking for pthread.h - found
[0.611s] -- Performing Test CMAKE_HAVE_LIBC_PTHREAD
[0.658s] -- Performing Test CMAKE_HAVE_LIBC_PTHREAD - Success
[0.659s] -- Found Threads: TRUE  
[0.688s] -- Found moveit_ros_planning_interface: 2.5.9 (/opt/ros/humble/share/moveit_ros_planning_interface/cmake)
[0.703s] -- Found Boost: /usr/lib/x86_64-linux-gnu/cmake/Boost-1.74.0/BoostConfig.cmake (found version "1.74.0") found components: date_time filesystem program_options system thread 
[0.801s] -- Found Boost: /usr/lib/x86_64-linux-gnu/cmake/Boost-1.74.0/BoostConfig.cmake (found version "1.74.0") found components: chrono date_time filesystem iostreams program_options regex serialization system thread 
[0.826s] -- Found parameter_traits: 0.5.0 (/opt/ros/humble/share/parameter_traits/cmake)
[0.834s] -- Found rclcpp_lifecycle: 16.0.16 (/opt/ros/humble/share/rclcpp_lifecycle/cmake)
[0.848s] -- Found Boost: /usr/lib/x86_64-linux-gnu/cmake/Boost-1.74.0/BoostConfig.cmake (found version "1.74.0") found components: filesystem 
[0.907s] -- library: /usr/lib/x86_64-linux-gnu/libcurl.so
[0.926s] -- Found Eigen3: TRUE (found version "3.4.0") 
[0.926s] -- Ensuring Eigen3 include directory is part of orocos-kdl CMake target
[1.005s] -- Found Boost: /usr/lib/x86_64-linux-gnu/cmake/Boost-1.74.0/BoostConfig.cmake (found version "1.74.0") found components: system filesystem date_time program_options thread chrono 
[1.023s] -- Found Boost: /usr/lib/x86_64-linux-gnu/cmake/Boost-1.74.0/BoostConfig.cmake (found version "1.74.0") found components: thread system filesystem regex date_time program_options 
[1.036s] -- Found Boost: /usr/lib/x86_64-linux-gnu/cmake/Boost-1.74.0/BoostConfig.cmake (found version "1.74.0") found components: system filesystem date_time program_options thread 
[1.097s] -- Configuring done
[1.110s] -- Generating done
[1.114s] -- Build files have been written to: /home/utkarsh/arm_ws/build/motion_control
[1.123s] Invoked command in '/home/utkarsh/arm_ws/build/motion_control' returned '0': CMAKE_PREFIX_PATH=${CMAKE_PREFIX_PATH}:/home/utkarsh/arm_ws/install/scene_manager:/home/utkarsh/arm_ws/install/robotic_arm_description:/opt/ros/humble /usr/bin/cmake /home/utkarsh/arm_ws/src/motion_control -DCMAKE_INSTALL_PREFIX=/home/utkarsh/arm_ws/install/motion_control
[1.124s] Invoking command in '/home/utkarsh/arm_ws/build/motion_control': CMAKE_PREFIX_PATH=${CMAKE_PREFIX_PATH}:/home/utkarsh/arm_ws/install/scene_manager:/home/utkarsh/arm_ws/install/robotic_arm_description:/opt/ros/humble /usr/bin/cmake --build /home/utkarsh/arm_ws/build/motion_control -- -j16 -l16
[1.157s] [ 50%] [32mBuilding CXX object CMakeFiles/moving_node.dir/src/moving.cpp.o[0m
[1.288s] [01m[K/home/utkarsh/arm_ws/src/motion_control/src/moving.cpp:2:10:[m[K [01;31m[Kfatal error: [m[Kmoveit/move_group_interface/move_group_interface.hpp: No such file or directory
[1.288s]     2 | #include [01;31m[K<moveit/move_group_interface/move_group_interface.hpp>[m[K
[1.288s]       |          [01;31m[K^~~~~~~~~~~~~~~~~~~~~~~~~~~~~~~~~~~~~~~~~~~~~~~~~~~~~~[m[K
[1.288s] compilation terminated.
[1.291s] gmake[2]: *** [CMakeFiles/moving_node.dir/build.make:76: CMakeFiles/moving_node.dir/src/moving.cpp.o] Error 1
[1.291s] gmake[1]: *** [CMakeFiles/Makefile2:137: CMakeFiles/moving_node.dir/all] Error 2
[1.292s] gmake: *** [Makefile:146: all] Error 2
[1.293s] Invoked command in '/home/utkarsh/arm_ws/build/motion_control' returned '2': CMAKE_PREFIX_PATH=${CMAKE_PREFIX_PATH}:/home/utkarsh/arm_ws/install/scene_manager:/home/utkarsh/arm_ws/install/robotic_arm_description:/opt/ros/humble /usr/bin/cmake --build /home/utkarsh/arm_ws/build/motion_control -- -j16 -l16
