[0.008s] Invoking command in '/home/utkarsh/arm_ws/build/moveit_cfg': AMENT_PREFIX_PATH=/home/utkarsh/arm_ws/install/robotic_arm_description:/home/utkarsh/arm_ws/install/scene_manager:/home/utkarsh/arm_ws/install/moveit_cfg:/home/utkarsh/arm_ws/install/motion_control:/home/utkarsh/colcon_ws/install/ur_simulation_gz:/home/utkarsh/colcon_ws/install/ur_description:/home/utkarsh/colcon_ws/install/ur5_control:/home/utkarsh/colcon_ws/install/pymoveit2:/home/utkarsh/colcon_ws/install/eyantra_warehouse:/home/utkarsh/colcon_ws/install/ebot_description:/opt/ros/humble CMAKE_PREFIX_PATH=${CMAKE_PREFIX_PATH}:/home/utkarsh/arm_ws/install/scene_manager:/home/utkarsh/arm_ws/install/robotic_arm_description:/opt/ros/humble PYTHONPATH=/home/utkarsh/arm_ws/install/robotic_arm_description/lib/python3.10/site-packages:/home/utkarsh/arm_ws/install/scene_manager/lib/python3.10/site-packages:/home/utkarsh/colcon_ws/install/pymoveit2/local/lib/python3.10/dist-packages:/opt/ros/humble/lib/python3.10/site-packages:/opt/ros/humble/local/lib/python3.10/dist-packages /usr/bin/cmake /home/utkarsh/arm_ws/src/moveit_cfg -DCMAKE_INSTALL_PREFIX=/home/utkarsh/arm_ws/install/moveit_cfg
[0.015s] -- Found ament_cmake: 1.3.12 (/opt/ros/humble/share/ament_cmake/cmake)
[0.085s] -- Override CMake install command with custom implementation using symlinks instead of copying resources
[0.128s] -- Configuring done
[0.129s] -- Generating done
[0.130s] -- Build files have been written to: /home/utkarsh/arm_ws/build/moveit_cfg
[0.131s] Invoked command in '/home/utkarsh/arm_ws/build/moveit_cfg' returned '0': AMENT_PREFIX_PATH=/home/utkarsh/arm_ws/install/robotic_arm_description:/home/utkarsh/arm_ws/install/scene_manager:/home/utkarsh/arm_ws/install/moveit_cfg:/home/utkarsh/arm_ws/install/motion_control:/home/utkarsh/colcon_ws/install/ur_simulation_gz:/home/utkarsh/colcon_ws/install/ur_description:/home/utkarsh/colcon_ws/install/ur5_control:/home/utkarsh/colcon_ws/install/pymoveit2:/home/utkarsh/colcon_ws/install/eyantra_warehouse:/home/utkarsh/colcon_ws/install/ebot_description:/opt/ros/humble CMAKE_PREFIX_PATH=${CMAKE_PREFIX_PATH}:/home/utkarsh/arm_ws/install/scene_manager:/home/utkarsh/arm_ws/install/robotic_arm_description:/opt/ros/humble PYTHONPATH=/home/utkarsh/arm_ws/install/robotic_arm_description/lib/python3.10/site-packages:/home/utkarsh/arm_ws/install/scene_manager/lib/python3.10/site-packages:/home/utkarsh/colcon_ws/install/pymoveit2/local/lib/python3.10/dist-packages:/opt/ros/humble/lib/python3.10/site-packages:/opt/ros/humble/local/lib/python3.10/dist-packages /usr/bin/cmake /home/utkarsh/arm_ws/src/moveit_cfg -DCMAKE_INSTALL_PREFIX=/home/utkarsh/arm_ws/install/moveit_cfg
[0.133s] Invoking command in '/home/utkarsh/arm_ws/build/moveit_cfg': AMENT_PREFIX_PATH=/home/utkarsh/arm_ws/install/robotic_arm_description:/home/utkarsh/arm_ws/install/scene_manager:/home/utkarsh/arm_ws/install/moveit_cfg:/home/utkarsh/arm_ws/install/motion_control:/home/utkarsh/colcon_ws/install/ur_simulation_gz:/home/utkarsh/colcon_ws/install/ur_description:/home/utkarsh/colcon_ws/install/ur5_control:/home/utkarsh/colcon_ws/install/pymoveit2:/home/utkarsh/colcon_ws/install/eyantra_warehouse:/home/utkarsh/colcon_ws/install/ebot_description:/opt/ros/humble CMAKE_PREFIX_PATH=${CMAKE_PREFIX_PATH}:/home/utkarsh/arm_ws/install/scene_manager:/home/utkarsh/arm_ws/install/robotic_arm_description:/opt/ros/humble PYTHONPATH=/home/utkarsh/arm_ws/install/robotic_arm_description/lib/python3.10/site-packages:/home/utkarsh/arm_ws/install/scene_manager/lib/python3.10/site-packages:/home/utkarsh/colcon_ws/install/pymoveit2/local/lib/python3.10/dist-packages:/opt/ros/humble/lib/python3.10/site-packages:/opt/ros/humble/local/lib/python3.10/dist-packages /usr/bin/cmake --build /home/utkarsh/arm_ws/build/moveit_cfg -- -j16 -l16
[0.158s] Invoked command in '/home/utkarsh/arm_ws/build/moveit_cfg' returned '0': AMENT_PREFIX_PATH=/home/utkarsh/arm_ws/install/robotic_arm_description:/home/utkarsh/arm_ws/install/scene_manager:/home/utkarsh/arm_ws/install/moveit_cfg:/home/utkarsh/arm_ws/install/motion_control:/home/utkarsh/colcon_ws/install/ur_simulation_gz:/home/utkarsh/colcon_ws/install/ur_description:/home/utkarsh/colcon_ws/install/ur5_control:/home/utkarsh/colcon_ws/install/pymoveit2:/home/utkarsh/colcon_ws/install/eyantra_warehouse:/home/utkarsh/colcon_ws/install/ebot_description:/opt/ros/humble CMAKE_PREFIX_PATH=${CMAKE_PREFIX_PATH}:/home/utkarsh/arm_ws/install/scene_manager:/home/utkarsh/arm_ws/install/robotic_arm_description:/opt/ros/humble PYTHONPATH=/home/utkarsh/arm_ws/install/robotic_arm_description/lib/python3.10/site-packages:/home/utkarsh/arm_ws/install/scene_manager/lib/python3.10/site-packages:/home/utkarsh/colcon_ws/install/pymoveit2/local/lib/python3.10/dist-packages:/opt/ros/humble/lib/python3.10/site-packages:/opt/ros/humble/local/lib/python3.10/dist-packages /usr/bin/cmake --build /home/utkarsh/arm_ws/build/moveit_cfg -- -j16 -l16
[0.159s] Invoking command in '/home/utkarsh/arm_ws/build/moveit_cfg': AMENT_PREFIX_PATH=/home/utkarsh/arm_ws/install/robotic_arm_description:/home/utkarsh/arm_ws/install/scene_manager:/home/utkarsh/arm_ws/install/moveit_cfg:/home/utkarsh/arm_ws/install/motion_control:/home/utkarsh/colcon_ws/install/ur_simulation_gz:/home/utkarsh/colcon_ws/install/ur_description:/home/utkarsh/colcon_ws/install/ur5_control:/home/utkarsh/colcon_ws/install/pymoveit2:/home/utkarsh/colcon_ws/install/eyantra_warehouse:/home/utkarsh/colcon_ws/install/ebot_description:/opt/ros/humble CMAKE_PREFIX_PATH=${CMAKE_PREFIX_PATH}:/home/utkarsh/arm_ws/install/scene_manager:/home/utkarsh/arm_ws/install/robotic_arm_description:/opt/ros/humble PYTHONPATH=/home/utkarsh/arm_ws/install/robotic_arm_description/lib/python3.10/site-packages:/home/utkarsh/arm_ws/install/scene_manager/lib/python3.10/site-packages:/home/utkarsh/colcon_ws/install/pymoveit2/local/lib/python3.10/dist-packages:/opt/ros/humble/lib/python3.10/site-packages:/opt/ros/humble/local/lib/python3.10/dist-packages /usr/bin/cmake --install /home/utkarsh/arm_ws/build/moveit_cfg
[0.164s] -- Install configuration: ""
[0.164s] -- Execute custom install script
[0.164s] -- Up-to-date symlink: /home/utkarsh/arm_ws/install/moveit_cfg/share/ament_index/resource_index/package_run_dependencies/moveit_cfg
[0.164s] -- Up-to-date symlink: /home/utkarsh/arm_ws/install/moveit_cfg/share/ament_index/resource_index/parent_prefix_path/moveit_cfg
[0.164s] -- Up-to-date symlink: /home/utkarsh/arm_ws/install/moveit_cfg/share/moveit_cfg/environment/ament_prefix_path.sh
[0.164s] -- Up-to-date symlink: /home/utkarsh/arm_ws/install/moveit_cfg/share/moveit_cfg/environment/ament_prefix_path.dsv
[0.164s] -- Up-to-date symlink: /home/utkarsh/arm_ws/install/moveit_cfg/share/moveit_cfg/environment/path.sh
[0.164s] -- Up-to-date symlink: /home/utkarsh/arm_ws/install/moveit_cfg/share/moveit_cfg/environment/path.dsv
[0.165s] -- Up-to-date symlink: /home/utkarsh/arm_ws/install/moveit_cfg/share/moveit_cfg/local_setup.bash
[0.165s] -- Up-to-date symlink: /home/utkarsh/arm_ws/install/moveit_cfg/share/moveit_cfg/local_setup.sh
[0.165s] -- Up-to-date symlink: /home/utkarsh/arm_ws/install/moveit_cfg/share/moveit_cfg/local_setup.zsh
[0.165s] -- Up-to-date symlink: /home/utkarsh/arm_ws/install/moveit_cfg/share/moveit_cfg/local_setup.dsv
[0.165s] -- Symlinking: /home/utkarsh/arm_ws/install/moveit_cfg/share/moveit_cfg/package.dsv
[0.170s] -- Up-to-date symlink: /home/utkarsh/arm_ws/install/moveit_cfg/share/ament_index/resource_index/packages/moveit_cfg
[0.170s] -- Up-to-date symlink: /home/utkarsh/arm_ws/install/moveit_cfg/share/moveit_cfg/cmake/moveit_cfgConfig.cmake
[0.170s] -- Up-to-date symlink: /home/utkarsh/arm_ws/install/moveit_cfg/share/moveit_cfg/cmake/moveit_cfgConfig-version.cmake
[0.170s] -- Up-to-date symlink: /home/utkarsh/arm_ws/install/moveit_cfg/share/moveit_cfg/package.xml
[0.170s] -- Up-to-date symlink: /home/utkarsh/arm_ws/install/moveit_cfg/share/moveit_cfg/launch/demo.launch.py
[0.170s] -- Up-to-date symlink: /home/utkarsh/arm_ws/install/moveit_cfg/share/moveit_cfg/launch/move_group.launch.py
[0.171s] -- Up-to-date symlink: /home/utkarsh/arm_ws/install/moveit_cfg/share/moveit_cfg/launch/moveit_rviz.launch.py
[0.171s] -- Up-to-date symlink: /home/utkarsh/arm_ws/install/moveit_cfg/share/moveit_cfg/launch/rsp.launch.py
[0.171s] -- Up-to-date symlink: /home/utkarsh/arm_ws/install/moveit_cfg/share/moveit_cfg/launch/setup_assistant.launch.py
[0.171s] -- Up-to-date symlink: /home/utkarsh/arm_ws/install/moveit_cfg/share/moveit_cfg/launch/spawn_controllers.launch.py
[0.171s] -- Up-to-date symlink: /home/utkarsh/arm_ws/install/moveit_cfg/share/moveit_cfg/launch/static_virtual_joint_tfs.launch.py
[0.171s] -- Up-to-date symlink: /home/utkarsh/arm_ws/install/moveit_cfg/share/moveit_cfg/launch/warehouse_db.launch.py
[0.171s] -- Up-to-date symlink: /home/utkarsh/arm_ws/install/moveit_cfg/share/moveit_cfg/config/joint_limits.yaml
[0.171s] -- Up-to-date symlink: /home/utkarsh/arm_ws/install/moveit_cfg/share/moveit_cfg/config/kinematics.yaml
[0.171s] -- Up-to-date symlink: /home/utkarsh/arm_ws/install/moveit_cfg/share/moveit_cfg/config/moveit.rviz
[0.171s] -- Up-to-date symlink: /home/utkarsh/arm_ws/install/moveit_cfg/share/moveit_cfg/config/pilz_cartesian_limits.yaml
[0.171s] -- Up-to-date symlink: /home/utkarsh/arm_ws/install/moveit_cfg/share/moveit_cfg/config/robotic_arm.srdf
[0.171s] -- Up-to-date symlink: /home/utkarsh/arm_ws/install/moveit_cfg/share/moveit_cfg/config/ros2_controllers.yaml
[0.171s] -- Up-to-date symlink: /home/utkarsh/arm_ws/install/moveit_cfg/share/moveit_cfg/.setup_assistant
[0.173s] Invoked command in '/home/utkarsh/arm_ws/build/moveit_cfg' returned '0': AMENT_PREFIX_PATH=/home/utkarsh/arm_ws/install/robotic_arm_description:/home/utkarsh/arm_ws/install/scene_manager:/home/utkarsh/arm_ws/install/moveit_cfg:/home/utkarsh/arm_ws/install/motion_control:/home/utkarsh/colcon_ws/install/ur_simulation_gz:/home/utkarsh/colcon_ws/install/ur_description:/home/utkarsh/colcon_ws/install/ur5_control:/home/utkarsh/colcon_ws/install/pymoveit2:/home/utkarsh/colcon_ws/install/eyantra_warehouse:/home/utkarsh/colcon_ws/install/ebot_description:/opt/ros/humble CMAKE_PREFIX_PATH=${CMAKE_PREFIX_PATH}:/home/utkarsh/arm_ws/install/scene_manager:/home/utkarsh/arm_ws/install/robotic_arm_description:/opt/ros/humble PYTHONPATH=/home/utkarsh/arm_ws/install/robotic_arm_description/lib/python3.10/site-packages:/home/utkarsh/arm_ws/install/scene_manager/lib/python3.10/site-packages:/home/utkarsh/colcon_ws/install/pymoveit2/local/lib/python3.10/dist-packages:/opt/ros/humble/lib/python3.10/site-packages:/opt/ros/humble/local/lib/python3.10/dist-packages /usr/bin/cmake --install /home/utkarsh/arm_ws/build/moveit_cfg
