/home/utkarsh/arm_ws/install/robotic_arm_description/lib/python3.10/site-packages/robotic_arm_description/__init__.py
/home/utkarsh/arm_ws/install/robotic_arm_description/lib/python3.10/site-packages/robotic_arm_description/__pycache__/__init__.cpython-310.pyc
/home/utkarsh/arm_ws/install/robotic_arm_description/share/ament_index/resource_index/packages/robotic_arm_description
/home/utkarsh/arm_ws/install/robotic_arm_description/share/robotic_arm_description/package.xml
/home/utkarsh/arm_ws/install/robotic_arm_description/share/robotic_arm_description/launch/gazebo.launch.py
/home/utkarsh/arm_ws/install/robotic_arm_description/share/robotic_arm_description/launch/display.launch.py
/home/utkarsh/arm_ws/install/robotic_arm_description/share/robotic_arm_description/launch/spawn_box.launch.py
/home/utkarsh/arm_ws/install/robotic_arm_description/share/robotic_arm_description/urdf/robotic_arm.trans
/home/utkarsh/arm_ws/install/robotic_arm_description/share/robotic_arm_description/urdf/materials.xacro
/home/utkarsh/arm_ws/install/robotic_arm_description/share/robotic_arm_description/urdf/robotic_arm_moveit.xacro
/home/utkarsh/arm_ws/install/robotic_arm_description/share/robotic_arm_description/urdf/robotic_arm.gazebo
/home/utkarsh/arm_ws/install/robotic_arm_description/share/robotic_arm_description/urdf/robotic_arm.xacro
/home/utkarsh/arm_ws/install/robotic_arm_description/share/robotic_arm_description/meshes/link_2_1.stl
/home/utkarsh/arm_ws/install/robotic_arm_description/share/robotic_arm_description/meshes/link_1_1.stl
/home/utkarsh/arm_ws/install/robotic_arm_description/share/robotic_arm_description/meshes/base_link.stl
/home/utkarsh/arm_ws/install/robotic_arm_description/share/robotic_arm_description/meshes/Gripper_Base_1.stl
/home/utkarsh/arm_ws/install/robotic_arm_description/share/robotic_arm_description/meshes/Gripper_R_1.stl
/home/utkarsh/arm_ws/install/robotic_arm_description/share/robotic_arm_description/meshes/Gripper_L_1.stl
/home/utkarsh/arm_ws/install/robotic_arm_description/share/robotic_arm_description/meshes/link_4_1.stl
/home/utkarsh/arm_ws/install/robotic_arm_description/share/robotic_arm_description/meshes/gear_R_1.stl
/home/utkarsh/arm_ws/install/robotic_arm_description/share/robotic_arm_description/meshes/link_3_1.stl
/home/utkarsh/arm_ws/install/robotic_arm_description/share/robotic_arm_description/meshes/gear_L_1.stl
/home/utkarsh/arm_ws/install/robotic_arm_description/share/robotic_arm_description/config/my_controllers.yaml
/home/utkarsh/arm_ws/install/robotic_arm_description/share/robotic_arm_description/config/display.rviz
/home/utkarsh/arm_ws/install/robotic_arm_description/share/robotic_arm_description/config/gazebo.rviz
/home/utkarsh/arm_ws/install/robotic_arm_description/share/robotic_arm_description/config/ros_gz_bridge_gazebo.yaml
/home/utkarsh/arm_ws/install/robotic_arm_description/lib/python3.10/site-packages/robotic_arm_description-0.0.0-py3.10.egg-info/SOURCES.txt
/home/utkarsh/arm_ws/install/robotic_arm_description/lib/python3.10/site-packages/robotic_arm_description-0.0.0-py3.10.egg-info/requires.txt
/home/utkarsh/arm_ws/install/robotic_arm_description/lib/python3.10/site-packages/robotic_arm_description-0.0.0-py3.10.egg-info/entry_points.txt
/home/utkarsh/arm_ws/install/robotic_arm_description/lib/python3.10/site-packages/robotic_arm_description-0.0.0-py3.10.egg-info/top_level.txt
/home/utkarsh/arm_ws/install/robotic_arm_description/lib/python3.10/site-packages/robotic_arm_description-0.0.0-py3.10.egg-info/dependency_links.txt
/home/utkarsh/arm_ws/install/robotic_arm_description/lib/python3.10/site-packages/robotic_arm_description-0.0.0-py3.10.egg-info/PKG-INFO
/home/utkarsh/arm_ws/install/robotic_arm_description/lib/python3.10/site-packages/robotic_arm_description-0.0.0-py3.10.egg-info/zip-safe
