[0.004s] Invoking command in '/home/utkarsh/arm_ws/build/moveit_cfg': AMENT_PREFIX_PATH=/home/utkarsh/arm_ws/install/robotic_arm_description:${AMENT_PREFIX_PATH} CMAKE_PREFIX_PATH=${CMAKE_PREFIX_PATH}:/opt/ros/humble PYTHONPATH=/home/utkarsh/arm_ws/install/robotic_arm_description/lib/python3.10/site-packages:${PYTHONPATH} /usr/bin/cmake /home/utkarsh/arm_ws/src/moveit_cfg -DCMAKE_INSTALL_PREFIX=/home/utkarsh/arm_ws/install/moveit_cfg
[0.044s] -- The C compiler identification is GNU 11.4.0
[0.079s] -- The CXX compiler identification is GNU 11.4.0
[0.084s] -- Detecting C compiler ABI info
[0.128s] -- Detecting C compiler ABI info - done
[0.133s] -- Check for working C compiler: /usr/bin/cc - skipped
[0.133s] -- Detecting C compile features
[0.133s] -- Detecting C compile features - done
[0.136s] -- Detecting CXX compiler ABI info
[0.187s] -- Detecting CXX compiler ABI info - done
[0.192s] -- Check for working CXX compiler: /usr/bin/c++ - skipped
[0.192s] -- Detecting CXX compile features
[0.193s] -- Detecting CXX compile features - done
[0.194s] -- Found ament_cmake: 1.3.12 (/opt/ros/humble/share/ament_cmake/cmake)
[0.291s] -- Found Python3: /usr/bin/python3 (found version "3.10.12") found components: Interpreter 
[0.379s] -- Configuring done
[0.380s] -- Generating done
[0.381s] -- Build files have been written to: /home/utkarsh/arm_ws/build/moveit_cfg
[0.384s] Invoked command in '/home/utkarsh/arm_ws/build/moveit_cfg' returned '0': AMENT_PREFIX_PATH=/home/utkarsh/arm_ws/install/robotic_arm_description:${AMENT_PREFIX_PATH} CMAKE_PREFIX_PATH=${CMAKE_PREFIX_PATH}:/opt/ros/humble PYTHONPATH=/home/utkarsh/arm_ws/install/robotic_arm_description/lib/python3.10/site-packages:${PYTHONPATH} /usr/bin/cmake /home/utkarsh/arm_ws/src/moveit_cfg -DCMAKE_INSTALL_PREFIX=/home/utkarsh/arm_ws/install/moveit_cfg
[0.385s] Invoking command in '/home/utkarsh/arm_ws/build/moveit_cfg': AMENT_PREFIX_PATH=/home/utkarsh/arm_ws/install/robotic_arm_description:${AMENT_PREFIX_PATH} CMAKE_PREFIX_PATH=${CMAKE_PREFIX_PATH}:/opt/ros/humble PYTHONPATH=/home/utkarsh/arm_ws/install/robotic_arm_description/lib/python3.10/site-packages:${PYTHONPATH} /usr/bin/cmake --build /home/utkarsh/arm_ws/build/moveit_cfg -- -j16 -l16
[0.408s] Invoked command in '/home/utkarsh/arm_ws/build/moveit_cfg' returned '0': AMENT_PREFIX_PATH=/home/utkarsh/arm_ws/install/robotic_arm_description:${AMENT_PREFIX_PATH} CMAKE_PREFIX_PATH=${CMAKE_PREFIX_PATH}:/opt/ros/humble PYTHONPATH=/home/utkarsh/arm_ws/install/robotic_arm_description/lib/python3.10/site-packages:${PYTHONPATH} /usr/bin/cmake --build /home/utkarsh/arm_ws/build/moveit_cfg -- -j16 -l16
[0.414s] Invoking command in '/home/utkarsh/arm_ws/build/moveit_cfg': AMENT_PREFIX_PATH=/home/utkarsh/arm_ws/install/robotic_arm_description:${AMENT_PREFIX_PATH} CMAKE_PREFIX_PATH=${CMAKE_PREFIX_PATH}:/opt/ros/humble PYTHONPATH=/home/utkarsh/arm_ws/install/robotic_arm_description/lib/python3.10/site-packages:${PYTHONPATH} /usr/bin/cmake --install /home/utkarsh/arm_ws/build/moveit_cfg
[0.418s] -- Install configuration: ""
[0.418s] -- Installing: /home/utkarsh/arm_ws/install/moveit_cfg/share/ament_index/resource_index/package_run_dependencies/moveit_cfg
[0.418s] -- Installing: /home/utkarsh/arm_ws/install/moveit_cfg/share/ament_index/resource_index/parent_prefix_path/moveit_cfg
[0.418s] -- Installing: /home/utkarsh/arm_ws/install/moveit_cfg/share/moveit_cfg/environment/ament_prefix_path.sh
[0.418s] -- Installing: /home/utkarsh/arm_ws/install/moveit_cfg/share/moveit_cfg/environment/ament_prefix_path.dsv
[0.418s] -- Installing: /home/utkarsh/arm_ws/install/moveit_cfg/share/moveit_cfg/environment/path.sh
[0.418s] -- Installing: /home/utkarsh/arm_ws/install/moveit_cfg/share/moveit_cfg/environment/path.dsv
[0.418s] -- Installing: /home/utkarsh/arm_ws/install/moveit_cfg/share/moveit_cfg/local_setup.bash
[0.418s] -- Installing: /home/utkarsh/arm_ws/install/moveit_cfg/share/moveit_cfg/local_setup.sh
[0.418s] -- Installing: /home/utkarsh/arm_ws/install/moveit_cfg/share/moveit_cfg/local_setup.zsh
[0.418s] -- Installing: /home/utkarsh/arm_ws/install/moveit_cfg/share/moveit_cfg/local_setup.dsv
[0.418s] -- Installing: /home/utkarsh/arm_ws/install/moveit_cfg/share/moveit_cfg/package.dsv
[0.418s] -- Installing: /home/utkarsh/arm_ws/install/moveit_cfg/share/ament_index/resource_index/packages/moveit_cfg
[0.418s] -- Installing: /home/utkarsh/arm_ws/install/moveit_cfg/share/moveit_cfg/cmake/moveit_cfgConfig.cmake
[0.418s] -- Installing: /home/utkarsh/arm_ws/install/moveit_cfg/share/moveit_cfg/cmake/moveit_cfgConfig-version.cmake
[0.418s] -- Installing: /home/utkarsh/arm_ws/install/moveit_cfg/share/moveit_cfg/package.xml
[0.418s] -- Installing: /home/utkarsh/arm_ws/install/moveit_cfg/share/moveit_cfg/launch
[0.418s] -- Installing: /home/utkarsh/arm_ws/install/moveit_cfg/share/moveit_cfg/launch/moveit_rviz.launch.py
[0.419s] -- Installing: /home/utkarsh/arm_ws/install/moveit_cfg/share/moveit_cfg/launch/demo.launch.py
[0.419s] -- Installing: /home/utkarsh/arm_ws/install/moveit_cfg/share/moveit_cfg/launch/spawn_controllers.launch.py
[0.419s] -- Installing: /home/utkarsh/arm_ws/install/moveit_cfg/share/moveit_cfg/launch/move_group.launch.py
[0.419s] -- Installing: /home/utkarsh/arm_ws/install/moveit_cfg/share/moveit_cfg/launch/static_virtual_joint_tfs.launch.py
[0.419s] -- Installing: /home/utkarsh/arm_ws/install/moveit_cfg/share/moveit_cfg/launch/rsp.launch.py
[0.419s] -- Installing: /home/utkarsh/arm_ws/install/moveit_cfg/share/moveit_cfg/launch/warehouse_db.launch.py
[0.419s] -- Installing: /home/utkarsh/arm_ws/install/moveit_cfg/share/moveit_cfg/launch/setup_assistant.launch.py
[0.419s] -- Installing: /home/utkarsh/arm_ws/install/moveit_cfg/share/moveit_cfg/config
[0.420s] -- Installing: /home/utkarsh/arm_ws/install/moveit_cfg/share/moveit_cfg/config/moveit_controllers.yaml
[0.420s] -- Installing: /home/utkarsh/arm_ws/install/moveit_cfg/share/moveit_cfg/config/robotic_arm.srdf
[0.420s] -- Installing: /home/utkarsh/arm_ws/install/moveit_cfg/share/moveit_cfg/config/joint_limits.yaml
[0.420s] -- Installing: /home/utkarsh/arm_ws/install/moveit_cfg/share/moveit_cfg/config/kinematics.yaml
[0.420s] -- Installing: /home/utkarsh/arm_ws/install/moveit_cfg/share/moveit_cfg/config/pilz_cartesian_limits.yaml
[0.420s] -- Installing: /home/utkarsh/arm_ws/install/moveit_cfg/share/moveit_cfg/config/moveit.rviz
[0.420s] -- Installing: /home/utkarsh/arm_ws/install/moveit_cfg/share/moveit_cfg/config/ros2_controllers.yaml
[0.420s] -- Installing: /home/utkarsh/arm_ws/install/moveit_cfg/share/moveit_cfg/.setup_assistant
[0.422s] Invoked command in '/home/utkarsh/arm_ws/build/moveit_cfg' returned '0': AMENT_PREFIX_PATH=/home/utkarsh/arm_ws/install/robotic_arm_description:${AMENT_PREFIX_PATH} CMAKE_PREFIX_PATH=${CMAKE_PREFIX_PATH}:/opt/ros/humble PYTHONPATH=/home/utkarsh/arm_ws/install/robotic_arm_description/lib/python3.10/site-packages:${PYTHONPATH} /usr/bin/cmake --install /home/utkarsh/arm_ws/build/moveit_cfg
