[0.059s] DEBUG:colcon:Command line arguments: ['/usr/bin/colcon', 'build']
[0.059s] DEBUG:colcon:Parsed command line arguments: Namespace(log_base=None, log_level=None, verb_name='build', build_base='build', install_base='install', merge_install=False, symlink_install=False, test_result_base=None, continue_on_error=False, executor='parallel', parallel_workers=16, event_handlers=None, ignore_user_meta=False, metas=['./colcon.meta'], base_paths=['.'], packages_ignore=None, packages_ignore_regex=None, paths=None, packages_up_to=None, packages_up_to_regex=None, packages_above=None, packages_above_and_dependencies=None, packages_above_depth=None, packages_select_by_dep=None, packages_skip_by_dep=None, packages_skip_up_to=None, packages_select_build_failed=False, packages_skip_build_finished=False, packages_select_test_failures=False, packages_skip_test_passed=False, packages_select=None, packages_skip=None, packages_select_regex=None, packages_skip_regex=None, packages_start=None, packages_end=None, allow_overriding=[], cmake_args=None, cmake_target=None, cmake_target_skip_unavailable=False, cmake_clean_cache=False, cmake_clean_first=False, cmake_force_configure=False, ament_cmake_args=None, catkin_cmake_args=None, catkin_skip_building_tests=False, mixin_files=None, mixin=None, verb_parser=<colcon_mixin.mixin.mixin_argument.MixinArgumentDecorator object at 0x78873e35abc0>, verb_extension=<colcon_core.verb.build.BuildVerb object at 0x78873e35a5f0>, main=<bound method BuildVerb.main of <colcon_core.verb.build.BuildVerb object at 0x78873e35a5f0>>, mixin_verb=('build',))
[0.143s] Level 1:colcon.colcon_core.package_discovery:discover_packages(colcon_meta) check parameters
[0.143s] Level 1:colcon.colcon_core.package_discovery:discover_packages(recursive) check parameters
[0.143s] Level 1:colcon.colcon_core.package_discovery:discover_packages(ignore) check parameters
[0.143s] Level 1:colcon.colcon_core.package_discovery:discover_packages(path) check parameters
[0.143s] Level 1:colcon.colcon_core.package_discovery:discover_packages(colcon_meta) discover
[0.143s] Level 1:colcon.colcon_core.package_discovery:discover_packages(recursive) discover
[0.143s] INFO:colcon.colcon_core.package_discovery:Crawling recursively for packages in '/home/utkarsh/arm_ws'
[0.143s] Level 1:colcon.colcon_core.package_identification:_identify(.) by extensions ['ignore', 'ignore_ament_install']
[0.143s] Level 1:colcon.colcon_core.package_identification:_identify(.) by extension 'ignore'
[0.143s] Level 1:colcon.colcon_core.package_identification:_identify(.) by extension 'ignore_ament_install'
[0.143s] Level 1:colcon.colcon_core.package_identification:_identify(.) by extensions ['colcon_pkg']
[0.143s] Level 1:colcon.colcon_core.package_identification:_identify(.) by extension 'colcon_pkg'
[0.143s] Level 1:colcon.colcon_core.package_identification:_identify(.) by extensions ['colcon_meta']
[0.143s] Level 1:colcon.colcon_core.package_identification:_identify(.) by extension 'colcon_meta'
[0.143s] Level 1:colcon.colcon_core.package_identification:_identify(.) by extensions ['ros']
[0.143s] Level 1:colcon.colcon_core.package_identification:_identify(.) by extension 'ros'
[0.149s] Level 1:colcon.colcon_core.package_identification:_identify(.) by extensions ['cmake', 'python']
[0.149s] Level 1:colcon.colcon_core.package_identification:_identify(.) by extension 'cmake'
[0.149s] Level 1:colcon.colcon_core.package_identification:_identify(.) by extension 'python'
[0.149s] Level 1:colcon.colcon_core.package_identification:_identify(.) by extensions ['python_setup_py']
[0.149s] Level 1:colcon.colcon_core.package_identification:_identify(.) by extension 'python_setup_py'
[0.149s] Level 1:colcon.colcon_core.package_identification:_identify(build) by extensions ['ignore', 'ignore_ament_install']
[0.149s] Level 1:colcon.colcon_core.package_identification:_identify(build) by extension 'ignore'
[0.149s] Level 1:colcon.colcon_core.package_identification:_identify(build) ignored
[0.149s] Level 1:colcon.colcon_core.package_identification:_identify(install) by extensions ['ignore', 'ignore_ament_install']
[0.149s] Level 1:colcon.colcon_core.package_identification:_identify(install) by extension 'ignore'
[0.149s] Level 1:colcon.colcon_core.package_identification:_identify(install) ignored
[0.149s] Level 1:colcon.colcon_core.package_identification:_identify(log) by extensions ['ignore', 'ignore_ament_install']
[0.149s] Level 1:colcon.colcon_core.package_identification:_identify(log) by extension 'ignore'
[0.149s] Level 1:colcon.colcon_core.package_identification:_identify(log) ignored
[0.149s] Level 1:colcon.colcon_core.package_identification:_identify(src) by extensions ['ignore', 'ignore_ament_install']
[0.149s] Level 1:colcon.colcon_core.package_identification:_identify(src) by extension 'ignore'
[0.149s] Level 1:colcon.colcon_core.package_identification:_identify(src) by extension 'ignore_ament_install'
[0.150s] Level 1:colcon.colcon_core.package_identification:_identify(src) by extensions ['colcon_pkg']
[0.150s] Level 1:colcon.colcon_core.package_identification:_identify(src) by extension 'colcon_pkg'
[0.150s] Level 1:colcon.colcon_core.package_identification:_identify(src) by extensions ['colcon_meta']
[0.150s] Level 1:colcon.colcon_core.package_identification:_identify(src) by extension 'colcon_meta'
[0.150s] Level 1:colcon.colcon_core.package_identification:_identify(src) by extensions ['ros']
[0.150s] Level 1:colcon.colcon_core.package_identification:_identify(src) by extension 'ros'
[0.150s] Level 1:colcon.colcon_core.package_identification:_identify(src) by extensions ['cmake', 'python']
[0.150s] Level 1:colcon.colcon_core.package_identification:_identify(src) by extension 'cmake'
[0.150s] Level 1:colcon.colcon_core.package_identification:_identify(src) by extension 'python'
[0.150s] Level 1:colcon.colcon_core.package_identification:_identify(src) by extensions ['python_setup_py']
[0.150s] Level 1:colcon.colcon_core.package_identification:_identify(src) by extension 'python_setup_py'
[0.150s] Level 1:colcon.colcon_core.package_identification:_identify(src/motion_control) by extensions ['ignore', 'ignore_ament_install']
[0.150s] Level 1:colcon.colcon_core.package_identification:_identify(src/motion_control) by extension 'ignore'
[0.150s] Level 1:colcon.colcon_core.package_identification:_identify(src/motion_control) by extension 'ignore_ament_install'
[0.150s] Level 1:colcon.colcon_core.package_identification:_identify(src/motion_control) by extensions ['colcon_pkg']
[0.150s] Level 1:colcon.colcon_core.package_identification:_identify(src/motion_control) by extension 'colcon_pkg'
[0.150s] Level 1:colcon.colcon_core.package_identification:_identify(src/motion_control) by extensions ['colcon_meta']
[0.150s] Level 1:colcon.colcon_core.package_identification:_identify(src/motion_control) by extension 'colcon_meta'
[0.150s] Level 1:colcon.colcon_core.package_identification:_identify(src/motion_control) by extensions ['ros']
[0.150s] Level 1:colcon.colcon_core.package_identification:_identify(src/motion_control) by extension 'ros'
[0.151s] DEBUG:colcon.colcon_core.package_identification:Package 'src/motion_control' with type 'ros.ament_cmake' and name 'motion_control'
[0.151s] Level 1:colcon.colcon_core.package_identification:_identify(src/moveit_cfg) by extensions ['ignore', 'ignore_ament_install']
[0.151s] Level 1:colcon.colcon_core.package_identification:_identify(src/moveit_cfg) by extension 'ignore'
[0.151s] Level 1:colcon.colcon_core.package_identification:_identify(src/moveit_cfg) by extension 'ignore_ament_install'
[0.151s] Level 1:colcon.colcon_core.package_identification:_identify(src/moveit_cfg) by extensions ['colcon_pkg']
[0.151s] Level 1:colcon.colcon_core.package_identification:_identify(src/moveit_cfg) by extension 'colcon_pkg'
[0.151s] Level 1:colcon.colcon_core.package_identification:_identify(src/moveit_cfg) by extensions ['colcon_meta']
[0.152s] Level 1:colcon.colcon_core.package_identification:_identify(src/moveit_cfg) by extension 'colcon_meta'
[0.152s] Level 1:colcon.colcon_core.package_identification:_identify(src/moveit_cfg) by extensions ['ros']
[0.152s] Level 1:colcon.colcon_core.package_identification:_identify(src/moveit_cfg) by extension 'ros'
[0.152s] DEBUG:colcon.colcon_core.package_identification:Package 'src/moveit_cfg' with type 'ros.ament_cmake' and name 'moveit_cfg'
[0.152s] Level 1:colcon.colcon_core.package_identification:_identify(src/robotic_arm_description) by extensions ['ignore', 'ignore_ament_install']
[0.152s] Level 1:colcon.colcon_core.package_identification:_identify(src/robotic_arm_description) by extension 'ignore'
[0.152s] Level 1:colcon.colcon_core.package_identification:_identify(src/robotic_arm_description) by extension 'ignore_ament_install'
[0.152s] Level 1:colcon.colcon_core.package_identification:_identify(src/robotic_arm_description) by extensions ['colcon_pkg']
[0.152s] Level 1:colcon.colcon_core.package_identification:_identify(src/robotic_arm_description) by extension 'colcon_pkg'
[0.152s] Level 1:colcon.colcon_core.package_identification:_identify(src/robotic_arm_description) by extensions ['colcon_meta']
[0.152s] Level 1:colcon.colcon_core.package_identification:_identify(src/robotic_arm_description) by extension 'colcon_meta'
[0.152s] Level 1:colcon.colcon_core.package_identification:_identify(src/robotic_arm_description) by extensions ['ros']
[0.152s] Level 1:colcon.colcon_core.package_identification:_identify(src/robotic_arm_description) by extension 'ros'
[0.153s] DEBUG:colcon.colcon_core.package_identification:Package 'src/robotic_arm_description' with type 'ros.ament_python' and name 'robotic_arm_description'
[0.153s] Level 1:colcon.colcon_core.package_identification:_identify(src/scene_manager) by extensions ['ignore', 'ignore_ament_install']
[0.153s] Level 1:colcon.colcon_core.package_identification:_identify(src/scene_manager) by extension 'ignore'
[0.153s] Level 1:colcon.colcon_core.package_identification:_identify(src/scene_manager) by extension 'ignore_ament_install'
[0.153s] Level 1:colcon.colcon_core.package_identification:_identify(src/scene_manager) by extensions ['colcon_pkg']
[0.153s] Level 1:colcon.colcon_core.package_identification:_identify(src/scene_manager) by extension 'colcon_pkg'
[0.153s] Level 1:colcon.colcon_core.package_identification:_identify(src/scene_manager) by extensions ['colcon_meta']
[0.153s] Level 1:colcon.colcon_core.package_identification:_identify(src/scene_manager) by extension 'colcon_meta'
[0.153s] Level 1:colcon.colcon_core.package_identification:_identify(src/scene_manager) by extensions ['ros']
[0.153s] Level 1:colcon.colcon_core.package_identification:_identify(src/scene_manager) by extension 'ros'
[0.154s] DEBUG:colcon.colcon_core.package_identification:Package 'src/scene_manager' with type 'ros.ament_python' and name 'scene_manager'
[0.154s] Level 1:colcon.colcon_core.package_discovery:discover_packages(recursive) using defaults
[0.154s] Level 1:colcon.colcon_core.package_discovery:discover_packages(ignore) discover
[0.154s] Level 1:colcon.colcon_core.package_discovery:discover_packages(ignore) using defaults
[0.154s] Level 1:colcon.colcon_core.package_discovery:discover_packages(path) discover
[0.154s] Level 1:colcon.colcon_core.package_discovery:discover_packages(path) using defaults
[0.169s] Level 1:colcon.colcon_core.package_discovery:discover_packages(prefix_path) check parameters
[0.169s] Level 1:colcon.colcon_core.package_discovery:discover_packages(prefix_path) discover
[0.170s] DEBUG:colcon.colcon_installed_package_information.package_discovery:Found 6 installed packages in /home/utkarsh/colcon_ws/install
[0.171s] DEBUG:colcon.colcon_installed_package_information.package_discovery:Found 387 installed packages in /opt/ros/humble
[0.172s] Level 1:colcon.colcon_core.package_discovery:discover_packages(prefix_path) using defaults
[0.195s] Level 5:colcon.colcon_core.verb:set package 'motion_control' build argument 'cmake_args' from command line to 'None'
[0.195s] Level 5:colcon.colcon_core.verb:set package 'motion_control' build argument 'cmake_target' from command line to 'None'
[0.195s] Level 5:colcon.colcon_core.verb:set package 'motion_control' build argument 'cmake_target_skip_unavailable' from command line to 'False'
[0.195s] Level 5:colcon.colcon_core.verb:set package 'motion_control' build argument 'cmake_clean_cache' from command line to 'False'
[0.195s] Level 5:colcon.colcon_core.verb:set package 'motion_control' build argument 'cmake_clean_first' from command line to 'False'
[0.195s] Level 5:colcon.colcon_core.verb:set package 'motion_control' build argument 'cmake_force_configure' from command line to 'False'
[0.195s] Level 5:colcon.colcon_core.verb:set package 'motion_control' build argument 'ament_cmake_args' from command line to 'None'
[0.195s] Level 5:colcon.colcon_core.verb:set package 'motion_control' build argument 'catkin_cmake_args' from command line to 'None'
[0.195s] Level 5:colcon.colcon_core.verb:set package 'motion_control' build argument 'catkin_skip_building_tests' from command line to 'False'
[0.195s] DEBUG:colcon.colcon_core.verb:Building package 'motion_control' with the following arguments: {'ament_cmake_args': None, 'build_base': '/home/utkarsh/arm_ws/build/motion_control', 'catkin_cmake_args': None, 'catkin_skip_building_tests': False, 'cmake_args': None, 'cmake_clean_cache': False, 'cmake_clean_first': False, 'cmake_force_configure': False, 'cmake_target': None, 'cmake_target_skip_unavailable': False, 'install_base': '/home/utkarsh/arm_ws/install/motion_control', 'merge_install': False, 'path': '/home/utkarsh/arm_ws/src/motion_control', 'symlink_install': False, 'test_result_base': None}
[0.195s] Level 5:colcon.colcon_core.verb:set package 'robotic_arm_description' build argument 'cmake_args' from command line to 'None'
[0.195s] Level 5:colcon.colcon_core.verb:set package 'robotic_arm_description' build argument 'cmake_target' from command line to 'None'
[0.195s] Level 5:colcon.colcon_core.verb:set package 'robotic_arm_description' build argument 'cmake_target_skip_unavailable' from command line to 'False'
[0.195s] Level 5:colcon.colcon_core.verb:set package 'robotic_arm_description' build argument 'cmake_clean_cache' from command line to 'False'
[0.195s] Level 5:colcon.colcon_core.verb:set package 'robotic_arm_description' build argument 'cmake_clean_first' from command line to 'False'
[0.195s] Level 5:colcon.colcon_core.verb:set package 'robotic_arm_description' build argument 'cmake_force_configure' from command line to 'False'
[0.195s] Level 5:colcon.colcon_core.verb:set package 'robotic_arm_description' build argument 'ament_cmake_args' from command line to 'None'
[0.195s] Level 5:colcon.colcon_core.verb:set package 'robotic_arm_description' build argument 'catkin_cmake_args' from command line to 'None'
[0.195s] Level 5:colcon.colcon_core.verb:set package 'robotic_arm_description' build argument 'catkin_skip_building_tests' from command line to 'False'
[0.195s] DEBUG:colcon.colcon_core.verb:Building package 'robotic_arm_description' with the following arguments: {'ament_cmake_args': None, 'build_base': '/home/utkarsh/arm_ws/build/robotic_arm_description', 'catkin_cmake_args': None, 'catkin_skip_building_tests': False, 'cmake_args': None, 'cmake_clean_cache': False, 'cmake_clean_first': False, 'cmake_force_configure': False, 'cmake_target': None, 'cmake_target_skip_unavailable': False, 'install_base': '/home/utkarsh/arm_ws/install/robotic_arm_description', 'merge_install': False, 'path': '/home/utkarsh/arm_ws/src/robotic_arm_description', 'symlink_install': False, 'test_result_base': None}
[0.195s] Level 5:colcon.colcon_core.verb:set package 'scene_manager' build argument 'cmake_args' from command line to 'None'
[0.195s] Level 5:colcon.colcon_core.verb:set package 'scene_manager' build argument 'cmake_target' from command line to 'None'
[0.195s] Level 5:colcon.colcon_core.verb:set package 'scene_manager' build argument 'cmake_target_skip_unavailable' from command line to 'False'
[0.195s] Level 5:colcon.colcon_core.verb:set package 'scene_manager' build argument 'cmake_clean_cache' from command line to 'False'
[0.195s] Level 5:colcon.colcon_core.verb:set package 'scene_manager' build argument 'cmake_clean_first' from command line to 'False'
[0.195s] Level 5:colcon.colcon_core.verb:set package 'scene_manager' build argument 'cmake_force_configure' from command line to 'False'
[0.195s] Level 5:colcon.colcon_core.verb:set package 'scene_manager' build argument 'ament_cmake_args' from command line to 'None'
[0.195s] Level 5:colcon.colcon_core.verb:set package 'scene_manager' build argument 'catkin_cmake_args' from command line to 'None'
[0.195s] Level 5:colcon.colcon_core.verb:set package 'scene_manager' build argument 'catkin_skip_building_tests' from command line to 'False'
[0.195s] DEBUG:colcon.colcon_core.verb:Building package 'scene_manager' with the following arguments: {'ament_cmake_args': None, 'build_base': '/home/utkarsh/arm_ws/build/scene_manager', 'catkin_cmake_args': None, 'catkin_skip_building_tests': False, 'cmake_args': None, 'cmake_clean_cache': False, 'cmake_clean_first': False, 'cmake_force_configure': False, 'cmake_target': None, 'cmake_target_skip_unavailable': False, 'install_base': '/home/utkarsh/arm_ws/install/scene_manager', 'merge_install': False, 'path': '/home/utkarsh/arm_ws/src/scene_manager', 'symlink_install': False, 'test_result_base': None}
[0.195s] Level 5:colcon.colcon_core.verb:set package 'moveit_cfg' build argument 'cmake_args' from command line to 'None'
[0.195s] Level 5:colcon.colcon_core.verb:set package 'moveit_cfg' build argument 'cmake_target' from command line to 'None'
[0.195s] Level 5:colcon.colcon_core.verb:set package 'moveit_cfg' build argument 'cmake_target_skip_unavailable' from command line to 'False'
[0.195s] Level 5:colcon.colcon_core.verb:set package 'moveit_cfg' build argument 'cmake_clean_cache' from command line to 'False'
[0.195s] Level 5:colcon.colcon_core.verb:set package 'moveit_cfg' build argument 'cmake_clean_first' from command line to 'False'
[0.195s] Level 5:colcon.colcon_core.verb:set package 'moveit_cfg' build argument 'cmake_force_configure' from command line to 'False'
[0.195s] Level 5:colcon.colcon_core.verb:set package 'moveit_cfg' build argument 'ament_cmake_args' from command line to 'None'
[0.195s] Level 5:colcon.colcon_core.verb:set package 'moveit_cfg' build argument 'catkin_cmake_args' from command line to 'None'
[0.195s] Level 5:colcon.colcon_core.verb:set package 'moveit_cfg' build argument 'catkin_skip_building_tests' from command line to 'False'
[0.195s] DEBUG:colcon.colcon_core.verb:Building package 'moveit_cfg' with the following arguments: {'ament_cmake_args': None, 'build_base': '/home/utkarsh/arm_ws/build/moveit_cfg', 'catkin_cmake_args': None, 'catkin_skip_building_tests': False, 'cmake_args': None, 'cmake_clean_cache': False, 'cmake_clean_first': False, 'cmake_force_configure': False, 'cmake_target': None, 'cmake_target_skip_unavailable': False, 'install_base': '/home/utkarsh/arm_ws/install/moveit_cfg', 'merge_install': False, 'path': '/home/utkarsh/arm_ws/src/moveit_cfg', 'symlink_install': False, 'test_result_base': None}
[0.195s] INFO:colcon.colcon_core.executor:Executing jobs using 'parallel' executor
[0.197s] DEBUG:colcon.colcon_parallel_executor.executor.parallel:run_until_complete
[0.197s] INFO:colcon.colcon_ros.task.ament_python.build:Building ROS package in '/home/utkarsh/arm_ws/src/robotic_arm_description' with build type 'ament_python'
[0.197s] Level 1:colcon.colcon_core.shell:create_environment_hook('robotic_arm_description', 'ament_prefix_path')
[0.198s] INFO:colcon.colcon_core.plugin_system:Skipping extension 'colcon_core.shell.bat': Not used on non-Windows systems
[0.198s] INFO:colcon.colcon_core.shell:Creating environment hook '/home/utkarsh/arm_ws/install/robotic_arm_description/share/robotic_arm_description/hook/ament_prefix_path.ps1'
[0.198s] INFO:colcon.colcon_core.shell:Creating environment descriptor '/home/utkarsh/arm_ws/install/robotic_arm_description/share/robotic_arm_description/hook/ament_prefix_path.dsv'
[0.198s] INFO:colcon.colcon_core.shell:Creating environment hook '/home/utkarsh/arm_ws/install/robotic_arm_description/share/robotic_arm_description/hook/ament_prefix_path.sh'
[0.199s] INFO:colcon.colcon_core.shell:Skip shell extension 'powershell' for command environment: Not usable outside of PowerShell
[0.199s] DEBUG:colcon.colcon_core.shell:Skip shell extension 'dsv' for command environment
[0.201s] INFO:colcon.colcon_ros.task.ament_cmake.build:Building ROS package in '/home/utkarsh/arm_ws/src/motion_control' with build type 'ament_cmake'
[0.201s] INFO:colcon.colcon_cmake.task.cmake.build:Building CMake package in '/home/utkarsh/arm_ws/src/motion_control'
[0.201s] INFO:colcon.colcon_core.shell:Skip shell extension 'powershell' for command environment: Not usable outside of PowerShell
[0.201s] DEBUG:colcon.colcon_core.shell:Skip shell extension 'dsv' for command environment
[0.203s] INFO:colcon.colcon_ros.task.ament_python.build:Building ROS package in '/home/utkarsh/arm_ws/src/scene_manager' with build type 'ament_python'
[0.203s] Level 1:colcon.colcon_core.shell:create_environment_hook('scene_manager', 'ament_prefix_path')
[0.203s] INFO:colcon.colcon_core.shell:Creating environment hook '/home/utkarsh/arm_ws/install/scene_manager/share/scene_manager/hook/ament_prefix_path.ps1'
[0.204s] INFO:colcon.colcon_core.shell:Creating environment descriptor '/home/utkarsh/arm_ws/install/scene_manager/share/scene_manager/hook/ament_prefix_path.dsv'
[0.204s] INFO:colcon.colcon_core.shell:Creating environment hook '/home/utkarsh/arm_ws/install/scene_manager/share/scene_manager/hook/ament_prefix_path.sh'
[0.204s] INFO:colcon.colcon_core.shell:Skip shell extension 'powershell' for command environment: Not usable outside of PowerShell
[0.204s] DEBUG:colcon.colcon_core.shell:Skip shell extension 'dsv' for command environment
[0.340s] INFO:colcon.colcon_core.task.python.build:Building Python package in '/home/utkarsh/arm_ws/src/robotic_arm_description'
[0.340s] INFO:colcon.colcon_core.shell:Skip shell extension 'powershell' for command environment: Not usable outside of PowerShell
[0.340s] DEBUG:colcon.colcon_core.shell:Skip shell extension 'dsv' for command environment
[0.346s] DEBUG:colcon.colcon_core.event_handler.log_command:Invoking command in '/home/utkarsh/arm_ws/build/motion_control': CMAKE_PREFIX_PATH=${CMAKE_PREFIX_PATH}:/opt/ros/humble /usr/bin/cmake --build /home/utkarsh/arm_ws/build/motion_control -- -j16 -l16
[0.480s] INFO:colcon.colcon_core.task.python.build:Building Python package in '/home/utkarsh/arm_ws/src/scene_manager'
[0.481s] INFO:colcon.colcon_core.shell:Skip shell extension 'powershell' for command environment: Not usable outside of PowerShell
[0.481s] DEBUG:colcon.colcon_core.shell:Skip shell extension 'dsv' for command environment
[0.486s] DEBUG:colcon.colcon_core.event_handler.log_command:Invoked command in '/home/utkarsh/arm_ws/build/motion_control' returned '0': CMAKE_PREFIX_PATH=${CMAKE_PREFIX_PATH}:/opt/ros/humble /usr/bin/cmake --build /home/utkarsh/arm_ws/build/motion_control -- -j16 -l16
[0.494s] DEBUG:colcon.colcon_core.event_handler.log_command:Invoking command in '/home/utkarsh/arm_ws/build/motion_control': CMAKE_PREFIX_PATH=${CMAKE_PREFIX_PATH}:/opt/ros/humble /usr/bin/cmake --install /home/utkarsh/arm_ws/build/motion_control
[0.497s] Level 1:colcon.colcon_core.environment:create_environment_scripts_only(motion_control)
[0.498s] DEBUG:colcon.colcon_core.event_handler.log_command:Invoked command in '/home/utkarsh/arm_ws/build/motion_control' returned '0': CMAKE_PREFIX_PATH=${CMAKE_PREFIX_PATH}:/opt/ros/humble /usr/bin/cmake --install /home/utkarsh/arm_ws/build/motion_control
[0.499s] Level 1:colcon.colcon_core.environment:checking '/home/utkarsh/arm_ws/install/motion_control' for CMake module files
[0.499s] Level 1:colcon.colcon_core.environment:checking '/home/utkarsh/arm_ws/install/motion_control' for CMake config files
[0.499s] Level 1:colcon.colcon_core.shell:create_environment_hook('motion_control', 'cmake_prefix_path')
[0.499s] INFO:colcon.colcon_core.shell:Creating environment hook '/home/utkarsh/arm_ws/install/motion_control/share/motion_control/hook/cmake_prefix_path.ps1'
[0.499s] INFO:colcon.colcon_core.shell:Creating environment descriptor '/home/utkarsh/arm_ws/install/motion_control/share/motion_control/hook/cmake_prefix_path.dsv'
[0.499s] INFO:colcon.colcon_core.shell:Creating environment hook '/home/utkarsh/arm_ws/install/motion_control/share/motion_control/hook/cmake_prefix_path.sh'
[0.500s] Level 1:colcon.colcon_core.environment:checking '/home/utkarsh/arm_ws/install/motion_control/lib'
[0.500s] Level 1:colcon.colcon_core.environment:checking '/home/utkarsh/arm_ws/install/motion_control/bin'
[0.500s] Level 1:colcon.colcon_core.environment:checking '/home/utkarsh/arm_ws/install/motion_control/lib/pkgconfig/motion_control.pc'
[0.500s] Level 1:colcon.colcon_core.environment:checking '/home/utkarsh/arm_ws/install/motion_control/lib/python3.10/site-packages'
[0.500s] Level 1:colcon.colcon_core.environment:checking '/home/utkarsh/arm_ws/install/motion_control/bin'
[0.500s] INFO:colcon.colcon_core.shell:Creating package script '/home/utkarsh/arm_ws/install/motion_control/share/motion_control/package.ps1'
[0.501s] INFO:colcon.colcon_core.shell:Creating package descriptor '/home/utkarsh/arm_ws/install/motion_control/share/motion_control/package.dsv'
[0.501s] INFO:colcon.colcon_core.shell:Creating package script '/home/utkarsh/arm_ws/install/motion_control/share/motion_control/package.sh'
[0.501s] INFO:colcon.colcon_core.shell:Creating package script '/home/utkarsh/arm_ws/install/motion_control/share/motion_control/package.bash'
[0.502s] INFO:colcon.colcon_core.shell:Creating package script '/home/utkarsh/arm_ws/install/motion_control/share/motion_control/package.zsh'
[0.502s] Level 1:colcon.colcon_core.environment:create_file_with_runtime_dependencies(/home/utkarsh/arm_ws/install/motion_control/share/colcon-core/packages/motion_control)
[0.502s] Level 1:colcon.colcon_core.environment:create_environment_scripts_only(motion_control)
[0.502s] Level 1:colcon.colcon_core.environment:checking '/home/utkarsh/arm_ws/install/motion_control' for CMake module files
[0.502s] Level 1:colcon.colcon_core.environment:checking '/home/utkarsh/arm_ws/install/motion_control' for CMake config files
[0.503s] Level 1:colcon.colcon_core.shell:create_environment_hook('motion_control', 'cmake_prefix_path')
[0.503s] INFO:colcon.colcon_core.shell:Creating environment hook '/home/utkarsh/arm_ws/install/motion_control/share/motion_control/hook/cmake_prefix_path.ps1'
[0.503s] INFO:colcon.colcon_core.shell:Creating environment descriptor '/home/utkarsh/arm_ws/install/motion_control/share/motion_control/hook/cmake_prefix_path.dsv'
[0.503s] INFO:colcon.colcon_core.shell:Creating environment hook '/home/utkarsh/arm_ws/install/motion_control/share/motion_control/hook/cmake_prefix_path.sh'
[0.503s] Level 1:colcon.colcon_core.environment:checking '/home/utkarsh/arm_ws/install/motion_control/lib'
[0.503s] Level 1:colcon.colcon_core.environment:checking '/home/utkarsh/arm_ws/install/motion_control/bin'
[0.503s] Level 1:colcon.colcon_core.environment:checking '/home/utkarsh/arm_ws/install/motion_control/lib/pkgconfig/motion_control.pc'
[0.503s] Level 1:colcon.colcon_core.environment:checking '/home/utkarsh/arm_ws/install/motion_control/lib/python3.10/site-packages'
[0.504s] Level 1:colcon.colcon_core.environment:checking '/home/utkarsh/arm_ws/install/motion_control/bin'
[0.504s] INFO:colcon.colcon_core.shell:Creating package script '/home/utkarsh/arm_ws/install/motion_control/share/motion_control/package.ps1'
[0.504s] INFO:colcon.colcon_core.shell:Creating package descriptor '/home/utkarsh/arm_ws/install/motion_control/share/motion_control/package.dsv'
[0.504s] INFO:colcon.colcon_core.shell:Creating package script '/home/utkarsh/arm_ws/install/motion_control/share/motion_control/package.sh'
[0.504s] INFO:colcon.colcon_core.shell:Creating package script '/home/utkarsh/arm_ws/install/motion_control/share/motion_control/package.bash'
[0.505s] INFO:colcon.colcon_core.shell:Creating package script '/home/utkarsh/arm_ws/install/motion_control/share/motion_control/package.zsh'
[0.505s] Level 1:colcon.colcon_core.environment:create_file_with_runtime_dependencies(/home/utkarsh/arm_ws/install/motion_control/share/colcon-core/packages/motion_control)
[0.700s] DEBUG:colcon.colcon_core.event_handler.log_command:Invoking command in '/home/utkarsh/arm_ws/src/robotic_arm_description': PYTHONPATH=/home/utkarsh/arm_ws/build/robotic_arm_description/prefix_override:/usr/lib/python3/dist-packages/colcon_core/task/python/colcon_distutils_commands:/home/utkarsh/arm_ws/install/robotic_arm_description/lib/python3.10/site-packages:${PYTHONPATH} /usr/bin/python3 -W ignore:setup.py install is deprecated -W ignore:easy_install command is deprecated setup.py egg_info --egg-base ../../build/robotic_arm_description build --build-base /home/utkarsh/arm_ws/build/robotic_arm_description/build install --record /home/utkarsh/arm_ws/build/robotic_arm_description/install.log --single-version-externally-managed install_data
[0.738s] DEBUG:colcon.colcon_core.event_handler.log_command:Invoking command in '/home/utkarsh/arm_ws/src/scene_manager': PYTHONPATH=/home/utkarsh/arm_ws/build/scene_manager/prefix_override:/usr/lib/python3/dist-packages/colcon_core/task/python/colcon_distutils_commands:/home/utkarsh/arm_ws/install/scene_manager/lib/python3.10/site-packages:${PYTHONPATH} /usr/bin/python3 -W ignore:setup.py install is deprecated -W ignore:easy_install command is deprecated setup.py egg_info --egg-base ../../build/scene_manager build --build-base /home/utkarsh/arm_ws/build/scene_manager/build install --record /home/utkarsh/arm_ws/build/scene_manager/install.log --single-version-externally-managed install_data
[0.856s] Level 1:colcon.colcon_core.environment:checking '/home/utkarsh/arm_ws/install/robotic_arm_description' for CMake module files
[0.857s] Level 1:colcon.colcon_core.environment:checking '/home/utkarsh/arm_ws/install/robotic_arm_description' for CMake config files
[0.857s] DEBUG:colcon.colcon_core.event_handler.log_command:Invoked command in '/home/utkarsh/arm_ws/src/robotic_arm_description' returned '0': PYTHONPATH=/home/utkarsh/arm_ws/build/robotic_arm_description/prefix_override:/usr/lib/python3/dist-packages/colcon_core/task/python/colcon_distutils_commands:/home/utkarsh/arm_ws/install/robotic_arm_description/lib/python3.10/site-packages:${PYTHONPATH} /usr/bin/python3 -W ignore:setup.py install is deprecated -W ignore:easy_install command is deprecated setup.py egg_info --egg-base ../../build/robotic_arm_description build --build-base /home/utkarsh/arm_ws/build/robotic_arm_description/build install --record /home/utkarsh/arm_ws/build/robotic_arm_description/install.log --single-version-externally-managed install_data
[0.857s] Level 1:colcon.colcon_core.environment:checking '/home/utkarsh/arm_ws/install/robotic_arm_description/lib'
[0.857s] Level 1:colcon.colcon_core.environment:checking '/home/utkarsh/arm_ws/install/robotic_arm_description/bin'
[0.857s] Level 1:colcon.colcon_core.environment:checking '/home/utkarsh/arm_ws/install/robotic_arm_description/lib/pkgconfig/robotic_arm_description.pc'
[0.857s] Level 1:colcon.colcon_core.environment:checking '/home/utkarsh/arm_ws/install/robotic_arm_description/lib/python3.10/site-packages'
[0.857s] Level 1:colcon.colcon_core.shell:create_environment_hook('robotic_arm_description', 'pythonpath')
[0.858s] INFO:colcon.colcon_core.shell:Creating environment hook '/home/utkarsh/arm_ws/install/robotic_arm_description/share/robotic_arm_description/hook/pythonpath.ps1'
[0.858s] INFO:colcon.colcon_core.shell:Creating environment descriptor '/home/utkarsh/arm_ws/install/robotic_arm_description/share/robotic_arm_description/hook/pythonpath.dsv'
[0.858s] INFO:colcon.colcon_core.shell:Creating environment hook '/home/utkarsh/arm_ws/install/robotic_arm_description/share/robotic_arm_description/hook/pythonpath.sh'
[0.858s] Level 1:colcon.colcon_core.environment:checking '/home/utkarsh/arm_ws/install/robotic_arm_description/bin'
[0.858s] Level 1:colcon.colcon_core.environment:create_environment_scripts_only(robotic_arm_description)
[0.859s] INFO:colcon.colcon_core.shell:Creating package script '/home/utkarsh/arm_ws/install/robotic_arm_description/share/robotic_arm_description/package.ps1'
[0.859s] INFO:colcon.colcon_core.shell:Creating package descriptor '/home/utkarsh/arm_ws/install/robotic_arm_description/share/robotic_arm_description/package.dsv'
[0.859s] INFO:colcon.colcon_core.shell:Creating package script '/home/utkarsh/arm_ws/install/robotic_arm_description/share/robotic_arm_description/package.sh'
[0.859s] INFO:colcon.colcon_core.shell:Creating package script '/home/utkarsh/arm_ws/install/robotic_arm_description/share/robotic_arm_description/package.bash'
[0.859s] INFO:colcon.colcon_core.shell:Creating package script '/home/utkarsh/arm_ws/install/robotic_arm_description/share/robotic_arm_description/package.zsh'
[0.860s] Level 1:colcon.colcon_core.environment:create_file_with_runtime_dependencies(/home/utkarsh/arm_ws/install/robotic_arm_description/share/colcon-core/packages/robotic_arm_description)
[0.860s] INFO:colcon.colcon_ros.task.ament_cmake.build:Building ROS package in '/home/utkarsh/arm_ws/src/moveit_cfg' with build type 'ament_cmake'
[0.860s] INFO:colcon.colcon_cmake.task.cmake.build:Building CMake package in '/home/utkarsh/arm_ws/src/moveit_cfg'
[0.860s] INFO:colcon.colcon_core.shell:Skip shell extension 'powershell' for command environment: Not usable outside of PowerShell
[0.860s] DEBUG:colcon.colcon_core.shell:Skip shell extension 'dsv' for command environment
[0.866s] DEBUG:colcon.colcon_core.event_handler.log_command:Invoking command in '/home/utkarsh/arm_ws/build/moveit_cfg': AMENT_PREFIX_PATH=/home/utkarsh/arm_ws/install/robotic_arm_description:${AMENT_PREFIX_PATH} CMAKE_PREFIX_PATH=${CMAKE_PREFIX_PATH}:/opt/ros/humble PYTHONPATH=/home/utkarsh/arm_ws/install/robotic_arm_description/lib/python3.10/site-packages:${PYTHONPATH} /usr/bin/cmake --build /home/utkarsh/arm_ws/build/moveit_cfg -- -j16 -l16
[0.893s] Level 1:colcon.colcon_core.environment:checking '/home/utkarsh/arm_ws/install/scene_manager' for CMake module files
[0.893s] DEBUG:colcon.colcon_core.event_handler.log_command:Invoked command in '/home/utkarsh/arm_ws/src/scene_manager' returned '0': PYTHONPATH=/home/utkarsh/arm_ws/build/scene_manager/prefix_override:/usr/lib/python3/dist-packages/colcon_core/task/python/colcon_distutils_commands:/home/utkarsh/arm_ws/install/scene_manager/lib/python3.10/site-packages:${PYTHONPATH} /usr/bin/python3 -W ignore:setup.py install is deprecated -W ignore:easy_install command is deprecated setup.py egg_info --egg-base ../../build/scene_manager build --build-base /home/utkarsh/arm_ws/build/scene_manager/build install --record /home/utkarsh/arm_ws/build/scene_manager/install.log --single-version-externally-managed install_data
[0.893s] Level 1:colcon.colcon_core.environment:checking '/home/utkarsh/arm_ws/install/scene_manager' for CMake config files
[0.893s] Level 1:colcon.colcon_core.environment:checking '/home/utkarsh/arm_ws/install/scene_manager/lib'
[0.893s] Level 1:colcon.colcon_core.environment:checking '/home/utkarsh/arm_ws/install/scene_manager/bin'
[0.893s] Level 1:colcon.colcon_core.environment:checking '/home/utkarsh/arm_ws/install/scene_manager/lib/pkgconfig/scene_manager.pc'
[0.894s] Level 1:colcon.colcon_core.environment:checking '/home/utkarsh/arm_ws/install/scene_manager/lib/python3.10/site-packages'
[0.894s] Level 1:colcon.colcon_core.shell:create_environment_hook('scene_manager', 'pythonpath')
[0.894s] INFO:colcon.colcon_core.shell:Creating environment hook '/home/utkarsh/arm_ws/install/scene_manager/share/scene_manager/hook/pythonpath.ps1'
[0.894s] INFO:colcon.colcon_core.shell:Creating environment descriptor '/home/utkarsh/arm_ws/install/scene_manager/share/scene_manager/hook/pythonpath.dsv'
[0.894s] INFO:colcon.colcon_core.shell:Creating environment hook '/home/utkarsh/arm_ws/install/scene_manager/share/scene_manager/hook/pythonpath.sh'
[0.894s] Level 1:colcon.colcon_core.environment:checking '/home/utkarsh/arm_ws/install/scene_manager/bin'
[0.895s] Level 1:colcon.colcon_core.environment:create_environment_scripts_only(scene_manager)
[0.895s] INFO:colcon.colcon_core.shell:Creating package script '/home/utkarsh/arm_ws/install/scene_manager/share/scene_manager/package.ps1'
[0.895s] INFO:colcon.colcon_core.shell:Creating package descriptor '/home/utkarsh/arm_ws/install/scene_manager/share/scene_manager/package.dsv'
[0.895s] INFO:colcon.colcon_core.shell:Creating package script '/home/utkarsh/arm_ws/install/scene_manager/share/scene_manager/package.sh'
[0.895s] INFO:colcon.colcon_core.shell:Creating package script '/home/utkarsh/arm_ws/install/scene_manager/share/scene_manager/package.bash'
[0.895s] INFO:colcon.colcon_core.shell:Creating package script '/home/utkarsh/arm_ws/install/scene_manager/share/scene_manager/package.zsh'
[0.896s] Level 1:colcon.colcon_core.environment:create_file_with_runtime_dependencies(/home/utkarsh/arm_ws/install/scene_manager/share/colcon-core/packages/scene_manager)
[0.897s] DEBUG:colcon.colcon_core.event_handler.log_command:Invoked command in '/home/utkarsh/arm_ws/build/moveit_cfg' returned '0': AMENT_PREFIX_PATH=/home/utkarsh/arm_ws/install/robotic_arm_description:${AMENT_PREFIX_PATH} CMAKE_PREFIX_PATH=${CMAKE_PREFIX_PATH}:/opt/ros/humble PYTHONPATH=/home/utkarsh/arm_ws/install/robotic_arm_description/lib/python3.10/site-packages:${PYTHONPATH} /usr/bin/cmake --build /home/utkarsh/arm_ws/build/moveit_cfg -- -j16 -l16
[0.897s] DEBUG:colcon.colcon_core.event_handler.log_command:Invoking command in '/home/utkarsh/arm_ws/build/moveit_cfg': AMENT_PREFIX_PATH=/home/utkarsh/arm_ws/install/robotic_arm_description:${AMENT_PREFIX_PATH} CMAKE_PREFIX_PATH=${CMAKE_PREFIX_PATH}:/opt/ros/humble PYTHONPATH=/home/utkarsh/arm_ws/install/robotic_arm_description/lib/python3.10/site-packages:${PYTHONPATH} /usr/bin/cmake --install /home/utkarsh/arm_ws/build/moveit_cfg
[0.912s] Level 1:colcon.colcon_core.environment:create_environment_scripts_only(moveit_cfg)
[0.912s] DEBUG:colcon.colcon_core.event_handler.log_command:Invoked command in '/home/utkarsh/arm_ws/build/moveit_cfg' returned '0': AMENT_PREFIX_PATH=/home/utkarsh/arm_ws/install/robotic_arm_description:${AMENT_PREFIX_PATH} CMAKE_PREFIX_PATH=${CMAKE_PREFIX_PATH}:/opt/ros/humble PYTHONPATH=/home/utkarsh/arm_ws/install/robotic_arm_description/lib/python3.10/site-packages:${PYTHONPATH} /usr/bin/cmake --install /home/utkarsh/arm_ws/build/moveit_cfg
[0.912s] Level 1:colcon.colcon_core.environment:checking '/home/utkarsh/arm_ws/install/moveit_cfg' for CMake module files
[0.913s] Level 1:colcon.colcon_core.environment:checking '/home/utkarsh/arm_ws/install/moveit_cfg' for CMake config files
[0.913s] Level 1:colcon.colcon_core.shell:create_environment_hook('moveit_cfg', 'cmake_prefix_path')
[0.913s] INFO:colcon.colcon_core.shell:Creating environment hook '/home/utkarsh/arm_ws/install/moveit_cfg/share/moveit_cfg/hook/cmake_prefix_path.ps1'
[0.913s] INFO:colcon.colcon_core.shell:Creating environment descriptor '/home/utkarsh/arm_ws/install/moveit_cfg/share/moveit_cfg/hook/cmake_prefix_path.dsv'
[0.913s] INFO:colcon.colcon_core.shell:Creating environment hook '/home/utkarsh/arm_ws/install/moveit_cfg/share/moveit_cfg/hook/cmake_prefix_path.sh'
[0.914s] Level 1:colcon.colcon_core.environment:checking '/home/utkarsh/arm_ws/install/moveit_cfg/bin'
[0.914s] Level 1:colcon.colcon_core.environment:checking '/home/utkarsh/arm_ws/install/moveit_cfg/lib/pkgconfig/moveit_cfg.pc'
[0.914s] Level 1:colcon.colcon_core.environment:checking '/home/utkarsh/arm_ws/install/moveit_cfg/lib/python3.10/site-packages'
[0.914s] Level 1:colcon.colcon_core.environment:checking '/home/utkarsh/arm_ws/install/moveit_cfg/bin'
[0.914s] INFO:colcon.colcon_core.shell:Creating package script '/home/utkarsh/arm_ws/install/moveit_cfg/share/moveit_cfg/package.ps1'
[0.914s] INFO:colcon.colcon_core.shell:Creating package descriptor '/home/utkarsh/arm_ws/install/moveit_cfg/share/moveit_cfg/package.dsv'
[0.915s] INFO:colcon.colcon_core.shell:Creating package script '/home/utkarsh/arm_ws/install/moveit_cfg/share/moveit_cfg/package.sh'
[0.915s] INFO:colcon.colcon_core.shell:Creating package script '/home/utkarsh/arm_ws/install/moveit_cfg/share/moveit_cfg/package.bash'
[0.915s] INFO:colcon.colcon_core.shell:Creating package script '/home/utkarsh/arm_ws/install/moveit_cfg/share/moveit_cfg/package.zsh'
[0.915s] Level 1:colcon.colcon_core.environment:create_file_with_runtime_dependencies(/home/utkarsh/arm_ws/install/moveit_cfg/share/colcon-core/packages/moveit_cfg)
[0.916s] Level 1:colcon.colcon_core.environment:create_environment_scripts_only(moveit_cfg)
[0.916s] Level 1:colcon.colcon_core.environment:checking '/home/utkarsh/arm_ws/install/moveit_cfg' for CMake module files
[0.916s] Level 1:colcon.colcon_core.environment:checking '/home/utkarsh/arm_ws/install/moveit_cfg' for CMake config files
[0.916s] Level 1:colcon.colcon_core.shell:create_environment_hook('moveit_cfg', 'cmake_prefix_path')
[0.916s] INFO:colcon.colcon_core.shell:Creating environment hook '/home/utkarsh/arm_ws/install/moveit_cfg/share/moveit_cfg/hook/cmake_prefix_path.ps1'
[0.916s] INFO:colcon.colcon_core.shell:Creating environment descriptor '/home/utkarsh/arm_ws/install/moveit_cfg/share/moveit_cfg/hook/cmake_prefix_path.dsv'
[0.917s] INFO:colcon.colcon_core.shell:Creating environment hook '/home/utkarsh/arm_ws/install/moveit_cfg/share/moveit_cfg/hook/cmake_prefix_path.sh'
[0.917s] Level 1:colcon.colcon_core.environment:checking '/home/utkarsh/arm_ws/install/moveit_cfg/bin'
[0.917s] Level 1:colcon.colcon_core.environment:checking '/home/utkarsh/arm_ws/install/moveit_cfg/lib/pkgconfig/moveit_cfg.pc'
[0.917s] Level 1:colcon.colcon_core.environment:checking '/home/utkarsh/arm_ws/install/moveit_cfg/lib/python3.10/site-packages'
[0.917s] Level 1:colcon.colcon_core.environment:checking '/home/utkarsh/arm_ws/install/moveit_cfg/bin'
[0.917s] INFO:colcon.colcon_core.shell:Creating package script '/home/utkarsh/arm_ws/install/moveit_cfg/share/moveit_cfg/package.ps1'
[0.918s] INFO:colcon.colcon_core.shell:Creating package descriptor '/home/utkarsh/arm_ws/install/moveit_cfg/share/moveit_cfg/package.dsv'
[0.918s] INFO:colcon.colcon_core.shell:Creating package script '/home/utkarsh/arm_ws/install/moveit_cfg/share/moveit_cfg/package.sh'
[0.918s] INFO:colcon.colcon_core.shell:Creating package script '/home/utkarsh/arm_ws/install/moveit_cfg/share/moveit_cfg/package.bash'
[0.918s] INFO:colcon.colcon_core.shell:Creating package script '/home/utkarsh/arm_ws/install/moveit_cfg/share/moveit_cfg/package.zsh'
[0.919s] Level 1:colcon.colcon_core.environment:create_file_with_runtime_dependencies(/home/utkarsh/arm_ws/install/moveit_cfg/share/colcon-core/packages/moveit_cfg)
[0.919s] DEBUG:colcon.colcon_parallel_executor.executor.parallel:closing loop
[0.919s] DEBUG:colcon.colcon_parallel_executor.executor.parallel:loop closed
[0.919s] DEBUG:colcon.colcon_parallel_executor.executor.parallel:run_until_complete finished with '0'
[0.919s] DEBUG:colcon.colcon_core.event_reactor:joining thread
[0.922s] INFO:colcon.colcon_core.plugin_system:Skipping extension 'colcon_notification.desktop_notification.terminal_notifier': Not used on non-Darwin systems
[0.922s] INFO:colcon.colcon_core.plugin_system:Skipping extension 'colcon_notification.desktop_notification.win32': Not used on non-Windows systems
[0.922s] INFO:colcon.colcon_notification.desktop_notification:Sending desktop notification using 'notify2'
[0.929s] DEBUG:colcon.colcon_core.event_reactor:joined thread
[0.930s] INFO:colcon.colcon_core.shell:Creating prefix script '/home/utkarsh/arm_ws/install/local_setup.ps1'
[0.931s] INFO:colcon.colcon_core.shell:Creating prefix util module '/home/utkarsh/arm_ws/install/_local_setup_util_ps1.py'
[0.932s] INFO:colcon.colcon_core.shell:Creating prefix chain script '/home/utkarsh/arm_ws/install/setup.ps1'
[0.933s] INFO:colcon.colcon_core.shell:Creating prefix script '/home/utkarsh/arm_ws/install/local_setup.sh'
[0.933s] INFO:colcon.colcon_core.shell:Creating prefix util module '/home/utkarsh/arm_ws/install/_local_setup_util_sh.py'
[0.934s] INFO:colcon.colcon_core.shell:Creating prefix chain script '/home/utkarsh/arm_ws/install/setup.sh'
[0.934s] INFO:colcon.colcon_core.shell:Creating prefix script '/home/utkarsh/arm_ws/install/local_setup.bash'
[0.935s] INFO:colcon.colcon_core.shell:Creating prefix chain script '/home/utkarsh/arm_ws/install/setup.bash'
[0.935s] INFO:colcon.colcon_core.shell:Creating prefix script '/home/utkarsh/arm_ws/install/local_setup.zsh'
[0.935s] INFO:colcon.colcon_core.shell:Creating prefix chain script '/home/utkarsh/arm_ws/install/setup.zsh'
