[0.011s] Invoking command in '/home/utkarsh/arm_ws/build/motion_control': CMAKE_PREFIX_PATH=${CMAKE_PREFIX_PATH}:/opt/ros/humble /usr/bin/cmake --build /home/utkarsh/arm_ws/build/motion_control -- -j16 -l16
[0.148s] [35m[1mConsolidate compiler generated dependencies of target moving[0m
[0.148s] [100%] Built target moving
[0.281s] Invoked command in '/home/utkarsh/arm_ws/build/motion_control' returned '0': CMAKE_PREFIX_PATH=${CMAKE_PREFIX_PATH}:/opt/ros/humble /usr/bin/cmake --build /home/utkarsh/arm_ws/build/motion_control -- -j16 -l16
[0.289s] Invoking command in '/home/utkarsh/arm_ws/build/motion_control': CMAKE_PREFIX_PATH=${CMAKE_PREFIX_PATH}:/opt/ros/humble /usr/bin/cmake --install /home/utkarsh/arm_ws/build/motion_control
[0.295s] -- Install configuration: ""
[0.295s] -- Up-to-date: /home/utkarsh/arm_ws/install/motion_control/lib/motion_control/moving
[0.296s] -- Up-to-date: /home/utkarsh/arm_ws/install/motion_control/share/ament_index/resource_index/package_run_dependencies/motion_control
[0.296s] -- Up-to-date: /home/utkarsh/arm_ws/install/motion_control/share/ament_index/resource_index/parent_prefix_path/motion_control
[0.296s] -- Up-to-date: /home/utkarsh/arm_ws/install/motion_control/share/motion_control/environment/ament_prefix_path.sh
[0.296s] -- Up-to-date: /home/utkarsh/arm_ws/install/motion_control/share/motion_control/environment/ament_prefix_path.dsv
[0.296s] -- Up-to-date: /home/utkarsh/arm_ws/install/motion_control/share/motion_control/environment/path.sh
[0.296s] -- Up-to-date: /home/utkarsh/arm_ws/install/motion_control/share/motion_control/environment/path.dsv
[0.296s] -- Up-to-date: /home/utkarsh/arm_ws/install/motion_control/share/motion_control/local_setup.bash
[0.296s] -- Up-to-date: /home/utkarsh/arm_ws/install/motion_control/share/motion_control/local_setup.sh
[0.296s] -- Up-to-date: /home/utkarsh/arm_ws/install/motion_control/share/motion_control/local_setup.zsh
[0.296s] -- Up-to-date: /home/utkarsh/arm_ws/install/motion_control/share/motion_control/local_setup.dsv
[0.296s] -- Installing: /home/utkarsh/arm_ws/install/motion_control/share/motion_control/package.dsv
[0.296s] -- Up-to-date: /home/utkarsh/arm_ws/install/motion_control/share/ament_index/resource_index/packages/motion_control
[0.296s] -- Up-to-date: /home/utkarsh/arm_ws/install/motion_control/share/motion_control/cmake/motion_controlConfig.cmake
[0.296s] -- Up-to-date: /home/utkarsh/arm_ws/install/motion_control/share/motion_control/cmake/motion_controlConfig-version.cmake
[0.296s] -- Up-to-date: /home/utkarsh/arm_ws/install/motion_control/share/motion_control/package.xml
[0.298s] Invoked command in '/home/utkarsh/arm_ws/build/motion_control' returned '0': CMAKE_PREFIX_PATH=${CMAKE_PREFIX_PATH}:/opt/ros/humble /usr/bin/cmake --install /home/utkarsh/arm_ws/build/motion_control
