[0.146s] Invoking command in '/home/utkarsh/arm_ws/build/motion_control': CMAKE_PREFIX_PATH=${CMAKE_PREFIX_PATH}:/opt/ros/humble /usr/bin/cmake /home/utkarsh/arm_ws/src/motion_control -DCMAKE_INSTALL_PREFIX=/home/utkarsh/arm_ws/install/motion_control
[0.220s] -- The C compiler identification is GNU 11.4.0
[0.280s] -- The CXX compiler identification is GNU 11.4.0
[0.286s] -- Detecting C compiler ABI info
[0.338s] -- Detecting C compiler ABI info - done
[0.343s] -- Check for working C compiler: /usr/bin/cc - skipped
[0.343s] -- Detecting C compile features
[0.344s] -- Detecting C compile features - done
[0.346s] -- Detecting CXX compiler ABI info
[0.401s] -- Detecting CXX compiler ABI info - done
[0.406s] -- Check for working CXX compiler: /usr/bin/c++ - skipped
[0.406s] -- Detecting CXX compile features
[0.407s] -- Detecting CXX compile features - done
[0.409s] -- Found ament_cmake: 1.3.12 (/opt/ros/humble/share/ament_cmake/cmake)
[0.507s] -- Found Python3: /usr/bin/python3 (found version "3.10.12") found components: Interpreter 
[0.572s] -- Found rclcpp: 16.0.16 (/opt/ros/humble/share/rclcpp/cmake)
[0.612s] -- Found rosidl_generator_c: 3.1.7 (/opt/ros/humble/share/rosidl_generator_c/cmake)
[0.616s] -- Found rosidl_adapter: 3.1.7 (/opt/ros/humble/share/rosidl_adapter/cmake)
[0.622s] -- Found rosidl_generator_cpp: 3.1.7 (/opt/ros/humble/share/rosidl_generator_cpp/cmake)
[0.632s] -- Using all available rosidl_typesupport_c: rosidl_typesupport_fastrtps_c;rosidl_typesupport_introspection_c
[0.644s] -- Using all available rosidl_typesupport_cpp: rosidl_typesupport_fastrtps_cpp;rosidl_typesupport_introspection_cpp
[0.676s] -- Found rmw_implementation_cmake: 6.1.2 (/opt/ros/humble/share/rmw_implementation_cmake/cmake)
[0.679s] -- Found rmw_fastrtps_cpp: 6.2.9 (/opt/ros/humble/share/rmw_fastrtps_cpp/cmake)
[0.746s] -- Found OpenSSL: /usr/lib/x86_64-linux-gnu/libcrypto.so (found version "3.0.2")  
[0.765s] -- Found FastRTPS: /opt/ros/humble/include  
[0.790s] -- Using RMW implementation 'rmw_fastrtps_cpp' as default
[0.797s] -- Looking for pthread.h
[0.847s] -- Looking for pthread.h - found
[0.847s] -- Performing Test CMAKE_HAVE_LIBC_PTHREAD
[0.894s] -- Performing Test CMAKE_HAVE_LIBC_PTHREAD - Success
[0.895s] -- Found Threads: TRUE  
[0.931s] -- Found moveit_ros_planning_interface: 2.5.9 (/opt/ros/humble/share/moveit_ros_planning_interface/cmake)
[0.950s] -- Found Boost: /usr/lib/x86_64-linux-gnu/cmake/Boost-1.74.0/BoostConfig.cmake (found version "1.74.0") found components: date_time filesystem program_options system thread 
[1.067s] -- Found Boost: /usr/lib/x86_64-linux-gnu/cmake/Boost-1.74.0/BoostConfig.cmake (found version "1.74.0") found components: chrono date_time filesystem iostreams program_options regex serialization system thread 
[1.096s] -- Found parameter_traits: 0.5.0 (/opt/ros/humble/share/parameter_traits/cmake)
[1.108s] -- Found rclcpp_lifecycle: 16.0.16 (/opt/ros/humble/share/rclcpp_lifecycle/cmake)
[1.126s] -- Found Boost: /usr/lib/x86_64-linux-gnu/cmake/Boost-1.74.0/BoostConfig.cmake (found version "1.74.0") found components: filesystem 
[1.187s] -- library: /usr/lib/x86_64-linux-gnu/libcurl.so
[1.213s] -- Found Eigen3: TRUE (found version "3.4.0") 
[1.213s] -- Ensuring Eigen3 include directory is part of orocos-kdl CMake target
[1.323s] -- Found Boost: /usr/lib/x86_64-linux-gnu/cmake/Boost-1.74.0/BoostConfig.cmake (found version "1.74.0") found components: system filesystem date_time program_options thread chrono 
[1.347s] -- Found Boost: /usr/lib/x86_64-linux-gnu/cmake/Boost-1.74.0/BoostConfig.cmake (found version "1.74.0") found components: thread system filesystem regex date_time program_options 
[1.363s] -- Found Boost: /usr/lib/x86_64-linux-gnu/cmake/Boost-1.74.0/BoostConfig.cmake (found version "1.74.0") found components: system filesystem date_time program_options thread 
[1.421s] -- Configuring done
[1.443s] -- Generating done
[1.448s] -- Build files have been written to: /home/utkarsh/arm_ws/build/motion_control
[1.457s] Invoked command in '/home/utkarsh/arm_ws/build/motion_control' returned '0': CMAKE_PREFIX_PATH=${CMAKE_PREFIX_PATH}:/opt/ros/humble /usr/bin/cmake /home/utkarsh/arm_ws/src/motion_control -DCMAKE_INSTALL_PREFIX=/home/utkarsh/arm_ws/install/motion_control
[1.457s] Invoking command in '/home/utkarsh/arm_ws/build/motion_control': CMAKE_PREFIX_PATH=${CMAKE_PREFIX_PATH}:/opt/ros/humble /usr/bin/cmake --build /home/utkarsh/arm_ws/build/motion_control -- -j16 -l16
[1.495s] [ 50%] [32mBuilding CXX object CMakeFiles/moving.dir/src/moving.cpp.o[0m
[5.529s] [100%] [32m[1mLinking CXX executable moving[0m
[5.781s] [100%] Built target moving
[5.790s] Invoked command in '/home/utkarsh/arm_ws/build/motion_control' returned '0': CMAKE_PREFIX_PATH=${CMAKE_PREFIX_PATH}:/opt/ros/humble /usr/bin/cmake --build /home/utkarsh/arm_ws/build/motion_control -- -j16 -l16
[5.791s] Invoking command in '/home/utkarsh/arm_ws/build/motion_control': CMAKE_PREFIX_PATH=${CMAKE_PREFIX_PATH}:/opt/ros/humble /usr/bin/cmake --install /home/utkarsh/arm_ws/build/motion_control
[5.796s] -- Install configuration: ""
[5.796s] -- Installing: /home/utkarsh/arm_ws/install/motion_control/lib/motion_control/moving
[5.796s] -- Set runtime path of "/home/utkarsh/arm_ws/install/motion_control/lib/motion_control/moving" to ""
[5.796s] -- Installing: /home/utkarsh/arm_ws/install/motion_control/share/ament_index/resource_index/package_run_dependencies/motion_control
[5.796s] -- Installing: /home/utkarsh/arm_ws/install/motion_control/share/ament_index/resource_index/parent_prefix_path/motion_control
[5.796s] -- Installing: /home/utkarsh/arm_ws/install/motion_control/share/motion_control/environment/ament_prefix_path.sh
[5.796s] -- Installing: /home/utkarsh/arm_ws/install/motion_control/share/motion_control/environment/ament_prefix_path.dsv
[5.796s] -- Installing: /home/utkarsh/arm_ws/install/motion_control/share/motion_control/environment/path.sh
[5.796s] -- Installing: /home/utkarsh/arm_ws/install/motion_control/share/motion_control/environment/path.dsv
[5.796s] -- Installing: /home/utkarsh/arm_ws/install/motion_control/share/motion_control/local_setup.bash
[5.796s] -- Installing: /home/utkarsh/arm_ws/install/motion_control/share/motion_control/local_setup.sh
[5.797s] -- Installing: /home/utkarsh/arm_ws/install/motion_control/share/motion_control/local_setup.zsh
[5.797s] -- Installing: /home/utkarsh/arm_ws/install/motion_control/share/motion_control/local_setup.dsv
[5.797s] -- Installing: /home/utkarsh/arm_ws/install/motion_control/share/motion_control/package.dsv
[5.797s] -- Installing: /home/utkarsh/arm_ws/install/motion_control/share/ament_index/resource_index/packages/motion_control
[5.797s] -- Installing: /home/utkarsh/arm_ws/install/motion_control/share/motion_control/cmake/motion_controlConfig.cmake
[5.797s] -- Installing: /home/utkarsh/arm_ws/install/motion_control/share/motion_control/cmake/motion_controlConfig-version.cmake
[5.797s] -- Installing: /home/utkarsh/arm_ws/install/motion_control/share/motion_control/package.xml
[5.798s] Invoked command in '/home/utkarsh/arm_ws/build/motion_control' returned '0': CMAKE_PREFIX_PATH=${CMAKE_PREFIX_PATH}:/opt/ros/humble /usr/bin/cmake --install /home/utkarsh/arm_ws/build/motion_control
