[0.056s] DEBUG:colcon:Command line arguments: ['/usr/bin/colcon', 'build', '--packages-select', 'moveit_cfg']
[0.056s] DEBUG:colcon:Parsed command line arguments: Namespace(log_base=None, log_level=None, verb_name='build', build_base='build', install_base='install', merge_install=False, symlink_install=False, test_result_base=None, continue_on_error=False, executor='parallel', parallel_workers=16, event_handlers=None, ignore_user_meta=False, metas=['./colcon.meta'], base_paths=['.'], packages_ignore=None, packages_ignore_regex=None, paths=None, packages_up_to=None, packages_up_to_regex=None, packages_above=None, packages_above_and_dependencies=None, packages_above_depth=None, packages_select_by_dep=None, packages_skip_by_dep=None, packages_skip_up_to=None, packages_select_build_failed=False, packages_skip_build_finished=False, packages_select_test_failures=False, packages_skip_test_passed=False, packages_select=['moveit_cfg'], packages_skip=None, packages_select_regex=None, packages_skip_regex=None, packages_start=None, packages_end=None, allow_overriding=[], cmake_args=None, cmake_target=None, cmake_target_skip_unavailable=False, cmake_clean_cache=False, cmake_clean_first=False, cmake_force_configure=False, ament_cmake_args=None, catkin_cmake_args=None, catkin_skip_building_tests=False, mixin_files=None, mixin=None, verb_parser=<colcon_mixin.mixin.mixin_argument.MixinArgumentDecorator object at 0x7f8fdf2276d0>, verb_extension=<colcon_core.verb.build.BuildVerb object at 0x7f8fdf227100>, main=<bound method BuildVerb.main of <colcon_core.verb.build.BuildVerb object at 0x7f8fdf227100>>, mixin_verb=('build',))
[0.142s] Level 1:colcon.colcon_core.package_discovery:discover_packages(colcon_meta) check parameters
[0.142s] Level 1:colcon.colcon_core.package_discovery:discover_packages(recursive) check parameters
[0.142s] Level 1:colcon.colcon_core.package_discovery:discover_packages(ignore) check parameters
[0.142s] Level 1:colcon.colcon_core.package_discovery:discover_packages(path) check parameters
[0.142s] Level 1:colcon.colcon_core.package_discovery:discover_packages(colcon_meta) discover
[0.142s] Level 1:colcon.colcon_core.package_discovery:discover_packages(recursive) discover
[0.142s] INFO:colcon.colcon_core.package_discovery:Crawling recursively for packages in '/home/utkarsh/arm_ws'
[0.142s] Level 1:colcon.colcon_core.package_identification:_identify(.) by extensions ['ignore', 'ignore_ament_install']
[0.142s] Level 1:colcon.colcon_core.package_identification:_identify(.) by extension 'ignore'
[0.142s] Level 1:colcon.colcon_core.package_identification:_identify(.) by extension 'ignore_ament_install'
[0.143s] Level 1:colcon.colcon_core.package_identification:_identify(.) by extensions ['colcon_pkg']
[0.143s] Level 1:colcon.colcon_core.package_identification:_identify(.) by extension 'colcon_pkg'
[0.143s] Level 1:colcon.colcon_core.package_identification:_identify(.) by extensions ['colcon_meta']
[0.143s] Level 1:colcon.colcon_core.package_identification:_identify(.) by extension 'colcon_meta'
[0.143s] Level 1:colcon.colcon_core.package_identification:_identify(.) by extensions ['ros']
[0.143s] Level 1:colcon.colcon_core.package_identification:_identify(.) by extension 'ros'
[0.149s] Level 1:colcon.colcon_core.package_identification:_identify(.) by extensions ['cmake', 'python']
[0.149s] Level 1:colcon.colcon_core.package_identification:_identify(.) by extension 'cmake'
[0.149s] Level 1:colcon.colcon_core.package_identification:_identify(.) by extension 'python'
[0.149s] Level 1:colcon.colcon_core.package_identification:_identify(.) by extensions ['python_setup_py']
[0.149s] Level 1:colcon.colcon_core.package_identification:_identify(.) by extension 'python_setup_py'
[0.149s] Level 1:colcon.colcon_core.package_identification:_identify(build) by extensions ['ignore', 'ignore_ament_install']
[0.149s] Level 1:colcon.colcon_core.package_identification:_identify(build) by extension 'ignore'
[0.149s] Level 1:colcon.colcon_core.package_identification:_identify(build) ignored
[0.149s] Level 1:colcon.colcon_core.package_identification:_identify(install) by extensions ['ignore', 'ignore_ament_install']
[0.149s] Level 1:colcon.colcon_core.package_identification:_identify(install) by extension 'ignore'
[0.149s] Level 1:colcon.colcon_core.package_identification:_identify(install) ignored
[0.149s] Level 1:colcon.colcon_core.package_identification:_identify(log) by extensions ['ignore', 'ignore_ament_install']
[0.149s] Level 1:colcon.colcon_core.package_identification:_identify(log) by extension 'ignore'
[0.149s] Level 1:colcon.colcon_core.package_identification:_identify(log) ignored
[0.149s] Level 1:colcon.colcon_core.package_identification:_identify(src) by extensions ['ignore', 'ignore_ament_install']
[0.149s] Level 1:colcon.colcon_core.package_identification:_identify(src) by extension 'ignore'
[0.149s] Level 1:colcon.colcon_core.package_identification:_identify(src) by extension 'ignore_ament_install'
[0.149s] Level 1:colcon.colcon_core.package_identification:_identify(src) by extensions ['colcon_pkg']
[0.149s] Level 1:colcon.colcon_core.package_identification:_identify(src) by extension 'colcon_pkg'
[0.149s] Level 1:colcon.colcon_core.package_identification:_identify(src) by extensions ['colcon_meta']
[0.149s] Level 1:colcon.colcon_core.package_identification:_identify(src) by extension 'colcon_meta'
[0.149s] Level 1:colcon.colcon_core.package_identification:_identify(src) by extensions ['ros']
[0.149s] Level 1:colcon.colcon_core.package_identification:_identify(src) by extension 'ros'
[0.149s] Level 1:colcon.colcon_core.package_identification:_identify(src) by extensions ['cmake', 'python']
[0.149s] Level 1:colcon.colcon_core.package_identification:_identify(src) by extension 'cmake'
[0.149s] Level 1:colcon.colcon_core.package_identification:_identify(src) by extension 'python'
[0.150s] Level 1:colcon.colcon_core.package_identification:_identify(src) by extensions ['python_setup_py']
[0.150s] Level 1:colcon.colcon_core.package_identification:_identify(src) by extension 'python_setup_py'
[0.150s] Level 1:colcon.colcon_core.package_identification:_identify(src/motion_control) by extensions ['ignore', 'ignore_ament_install']
[0.150s] Level 1:colcon.colcon_core.package_identification:_identify(src/motion_control) by extension 'ignore'
[0.150s] Level 1:colcon.colcon_core.package_identification:_identify(src/motion_control) by extension 'ignore_ament_install'
[0.150s] Level 1:colcon.colcon_core.package_identification:_identify(src/motion_control) by extensions ['colcon_pkg']
[0.150s] Level 1:colcon.colcon_core.package_identification:_identify(src/motion_control) by extension 'colcon_pkg'
[0.150s] Level 1:colcon.colcon_core.package_identification:_identify(src/motion_control) by extensions ['colcon_meta']
[0.150s] Level 1:colcon.colcon_core.package_identification:_identify(src/motion_control) by extension 'colcon_meta'
[0.150s] Level 1:colcon.colcon_core.package_identification:_identify(src/motion_control) by extensions ['ros']
[0.150s] Level 1:colcon.colcon_core.package_identification:_identify(src/motion_control) by extension 'ros'
[0.151s] DEBUG:colcon.colcon_core.package_identification:Package 'src/motion_control' with type 'ros.ament_cmake' and name 'motion_control'
[0.151s] Level 1:colcon.colcon_core.package_identification:_identify(src/moveit_cfg) by extensions ['ignore', 'ignore_ament_install']
[0.151s] Level 1:colcon.colcon_core.package_identification:_identify(src/moveit_cfg) by extension 'ignore'
[0.151s] Level 1:colcon.colcon_core.package_identification:_identify(src/moveit_cfg) by extension 'ignore_ament_install'
[0.151s] Level 1:colcon.colcon_core.package_identification:_identify(src/moveit_cfg) by extensions ['colcon_pkg']
[0.151s] Level 1:colcon.colcon_core.package_identification:_identify(src/moveit_cfg) by extension 'colcon_pkg'
[0.151s] Level 1:colcon.colcon_core.package_identification:_identify(src/moveit_cfg) by extensions ['colcon_meta']
[0.151s] Level 1:colcon.colcon_core.package_identification:_identify(src/moveit_cfg) by extension 'colcon_meta'
[0.151s] Level 1:colcon.colcon_core.package_identification:_identify(src/moveit_cfg) by extensions ['ros']
[0.151s] Level 1:colcon.colcon_core.package_identification:_identify(src/moveit_cfg) by extension 'ros'
[0.157s] DEBUG:colcon.colcon_core.package_identification:Package 'src/moveit_cfg' with type 'ros.ament_cmake' and name 'moveit_cfg'
[0.157s] Level 1:colcon.colcon_core.package_identification:_identify(src/robotic_arm_description) by extensions ['ignore', 'ignore_ament_install']
[0.157s] Level 1:colcon.colcon_core.package_identification:_identify(src/robotic_arm_description) by extension 'ignore'
[0.157s] Level 1:colcon.colcon_core.package_identification:_identify(src/robotic_arm_description) by extension 'ignore_ament_install'
[0.157s] Level 1:colcon.colcon_core.package_identification:_identify(src/robotic_arm_description) by extensions ['colcon_pkg']
[0.157s] Level 1:colcon.colcon_core.package_identification:_identify(src/robotic_arm_description) by extension 'colcon_pkg'
[0.157s] Level 1:colcon.colcon_core.package_identification:_identify(src/robotic_arm_description) by extensions ['colcon_meta']
[0.157s] Level 1:colcon.colcon_core.package_identification:_identify(src/robotic_arm_description) by extension 'colcon_meta'
[0.157s] Level 1:colcon.colcon_core.package_identification:_identify(src/robotic_arm_description) by extensions ['ros']
[0.157s] Level 1:colcon.colcon_core.package_identification:_identify(src/robotic_arm_description) by extension 'ros'
[0.157s] DEBUG:colcon.colcon_core.package_identification:Package 'src/robotic_arm_description' with type 'ros.ament_python' and name 'robotic_arm_description'
[0.157s] Level 1:colcon.colcon_core.package_identification:_identify(src/scene_manager) by extensions ['ignore', 'ignore_ament_install']
[0.157s] Level 1:colcon.colcon_core.package_identification:_identify(src/scene_manager) by extension 'ignore'
[0.157s] Level 1:colcon.colcon_core.package_identification:_identify(src/scene_manager) by extension 'ignore_ament_install'
[0.157s] Level 1:colcon.colcon_core.package_identification:_identify(src/scene_manager) by extensions ['colcon_pkg']
[0.157s] Level 1:colcon.colcon_core.package_identification:_identify(src/scene_manager) by extension 'colcon_pkg'
[0.158s] Level 1:colcon.colcon_core.package_identification:_identify(src/scene_manager) by extensions ['colcon_meta']
[0.158s] Level 1:colcon.colcon_core.package_identification:_identify(src/scene_manager) by extension 'colcon_meta'
[0.158s] Level 1:colcon.colcon_core.package_identification:_identify(src/scene_manager) by extensions ['ros']
[0.158s] Level 1:colcon.colcon_core.package_identification:_identify(src/scene_manager) by extension 'ros'
[0.158s] DEBUG:colcon.colcon_core.package_identification:Package 'src/scene_manager' with type 'ros.ament_python' and name 'scene_manager'
[0.158s] Level 1:colcon.colcon_core.package_discovery:discover_packages(recursive) using defaults
[0.158s] Level 1:colcon.colcon_core.package_discovery:discover_packages(ignore) discover
[0.158s] Level 1:colcon.colcon_core.package_discovery:discover_packages(ignore) using defaults
[0.158s] Level 1:colcon.colcon_core.package_discovery:discover_packages(path) discover
[0.158s] Level 1:colcon.colcon_core.package_discovery:discover_packages(path) using defaults
[0.169s] INFO:colcon.colcon_core.package_selection:Skipping not selected package 'motion_control' in 'src/motion_control'
[0.169s] INFO:colcon.colcon_core.package_selection:Skipping not selected package 'robotic_arm_description' in 'src/robotic_arm_description'
[0.169s] INFO:colcon.colcon_core.package_selection:Skipping not selected package 'scene_manager' in 'src/scene_manager'
[0.169s] Level 1:colcon.colcon_core.package_discovery:discover_packages(prefix_path) check parameters
[0.169s] Level 1:colcon.colcon_core.package_discovery:discover_packages(prefix_path) discover
[0.170s] DEBUG:colcon.colcon_installed_package_information.package_discovery:Found 4 installed packages in /home/utkarsh/arm_ws/install
[0.170s] DEBUG:colcon.colcon_installed_package_information.package_discovery:Found 6 installed packages in /home/utkarsh/colcon_ws/install
[0.171s] DEBUG:colcon.colcon_installed_package_information.package_discovery:Found 387 installed packages in /opt/ros/humble
[0.172s] Level 1:colcon.colcon_core.package_discovery:discover_packages(prefix_path) using defaults
[0.195s] Level 5:colcon.colcon_core.verb:set package 'moveit_cfg' build argument 'cmake_args' from command line to 'None'
[0.195s] Level 5:colcon.colcon_core.verb:set package 'moveit_cfg' build argument 'cmake_target' from command line to 'None'
[0.195s] Level 5:colcon.colcon_core.verb:set package 'moveit_cfg' build argument 'cmake_target_skip_unavailable' from command line to 'False'
[0.195s] Level 5:colcon.colcon_core.verb:set package 'moveit_cfg' build argument 'cmake_clean_cache' from command line to 'False'
[0.195s] Level 5:colcon.colcon_core.verb:set package 'moveit_cfg' build argument 'cmake_clean_first' from command line to 'False'
[0.195s] Level 5:colcon.colcon_core.verb:set package 'moveit_cfg' build argument 'cmake_force_configure' from command line to 'False'
[0.195s] Level 5:colcon.colcon_core.verb:set package 'moveit_cfg' build argument 'ament_cmake_args' from command line to 'None'
[0.195s] Level 5:colcon.colcon_core.verb:set package 'moveit_cfg' build argument 'catkin_cmake_args' from command line to 'None'
[0.195s] Level 5:colcon.colcon_core.verb:set package 'moveit_cfg' build argument 'catkin_skip_building_tests' from command line to 'False'
[0.195s] DEBUG:colcon.colcon_core.verb:Building package 'moveit_cfg' with the following arguments: {'ament_cmake_args': None, 'build_base': '/home/utkarsh/arm_ws/build/moveit_cfg', 'catkin_cmake_args': None, 'catkin_skip_building_tests': False, 'cmake_args': None, 'cmake_clean_cache': False, 'cmake_clean_first': False, 'cmake_force_configure': False, 'cmake_target': None, 'cmake_target_skip_unavailable': False, 'install_base': '/home/utkarsh/arm_ws/install/moveit_cfg', 'merge_install': False, 'path': '/home/utkarsh/arm_ws/src/moveit_cfg', 'symlink_install': False, 'test_result_base': None}
[0.195s] INFO:colcon.colcon_core.executor:Executing jobs using 'parallel' executor
[0.196s] DEBUG:colcon.colcon_parallel_executor.executor.parallel:run_until_complete
[0.196s] INFO:colcon.colcon_ros.task.ament_cmake.build:Building ROS package in '/home/utkarsh/arm_ws/src/moveit_cfg' with build type 'ament_cmake'
[0.196s] INFO:colcon.colcon_cmake.task.cmake.build:Building CMake package in '/home/utkarsh/arm_ws/src/moveit_cfg'
[0.197s] INFO:colcon.colcon_core.plugin_system:Skipping extension 'colcon_core.shell.bat': Not used on non-Windows systems
[0.197s] INFO:colcon.colcon_core.shell:Skip shell extension 'powershell' for command environment: Not usable outside of PowerShell
[0.197s] DEBUG:colcon.colcon_core.shell:Skip shell extension 'dsv' for command environment
[0.205s] DEBUG:colcon.colcon_core.event_handler.log_command:Invoking command in '/home/utkarsh/arm_ws/build/moveit_cfg': AMENT_PREFIX_PATH=/home/utkarsh/arm_ws/install/robotic_arm_description:/home/utkarsh/arm_ws/install/scene_manager:/home/utkarsh/arm_ws/install/moveit_cfg:/home/utkarsh/arm_ws/install/motion_control:/home/utkarsh/colcon_ws/install/ur_simulation_gz:/home/utkarsh/colcon_ws/install/ur_description:/home/utkarsh/colcon_ws/install/ur5_control:/home/utkarsh/colcon_ws/install/pymoveit2:/home/utkarsh/colcon_ws/install/eyantra_warehouse:/home/utkarsh/colcon_ws/install/ebot_description:/opt/ros/humble CMAKE_PREFIX_PATH=${CMAKE_PREFIX_PATH}:/home/utkarsh/arm_ws/install/scene_manager:/home/utkarsh/arm_ws/install/robotic_arm_description:/opt/ros/humble PYTHONPATH=/home/utkarsh/arm_ws/install/robotic_arm_description/lib/python3.10/site-packages:/home/utkarsh/arm_ws/install/scene_manager/lib/python3.10/site-packages:/home/utkarsh/colcon_ws/install/pymoveit2/local/lib/python3.10/dist-packages:/opt/ros/humble/lib/python3.10/site-packages:/opt/ros/humble/local/lib/python3.10/dist-packages /usr/bin/cmake --build /home/utkarsh/arm_ws/build/moveit_cfg -- -j16 -l16
[0.350s] DEBUG:colcon.colcon_core.event_handler.log_command:Invoked command in '/home/utkarsh/arm_ws/build/moveit_cfg' returned '0': AMENT_PREFIX_PATH=/home/utkarsh/arm_ws/install/robotic_arm_description:/home/utkarsh/arm_ws/install/scene_manager:/home/utkarsh/arm_ws/install/moveit_cfg:/home/utkarsh/arm_ws/install/motion_control:/home/utkarsh/colcon_ws/install/ur_simulation_gz:/home/utkarsh/colcon_ws/install/ur_description:/home/utkarsh/colcon_ws/install/ur5_control:/home/utkarsh/colcon_ws/install/pymoveit2:/home/utkarsh/colcon_ws/install/eyantra_warehouse:/home/utkarsh/colcon_ws/install/ebot_description:/opt/ros/humble CMAKE_PREFIX_PATH=${CMAKE_PREFIX_PATH}:/home/utkarsh/arm_ws/install/scene_manager:/home/utkarsh/arm_ws/install/robotic_arm_description:/opt/ros/humble PYTHONPATH=/home/utkarsh/arm_ws/install/robotic_arm_description/lib/python3.10/site-packages:/home/utkarsh/arm_ws/install/scene_manager/lib/python3.10/site-packages:/home/utkarsh/colcon_ws/install/pymoveit2/local/lib/python3.10/dist-packages:/opt/ros/humble/lib/python3.10/site-packages:/opt/ros/humble/local/lib/python3.10/dist-packages /usr/bin/cmake --build /home/utkarsh/arm_ws/build/moveit_cfg -- -j16 -l16
[0.358s] DEBUG:colcon.colcon_core.event_handler.log_command:Invoking command in '/home/utkarsh/arm_ws/build/moveit_cfg': AMENT_PREFIX_PATH=/home/utkarsh/arm_ws/install/robotic_arm_description:/home/utkarsh/arm_ws/install/scene_manager:/home/utkarsh/arm_ws/install/moveit_cfg:/home/utkarsh/arm_ws/install/motion_control:/home/utkarsh/colcon_ws/install/ur_simulation_gz:/home/utkarsh/colcon_ws/install/ur_description:/home/utkarsh/colcon_ws/install/ur5_control:/home/utkarsh/colcon_ws/install/pymoveit2:/home/utkarsh/colcon_ws/install/eyantra_warehouse:/home/utkarsh/colcon_ws/install/ebot_description:/opt/ros/humble CMAKE_PREFIX_PATH=${CMAKE_PREFIX_PATH}:/home/utkarsh/arm_ws/install/scene_manager:/home/utkarsh/arm_ws/install/robotic_arm_description:/opt/ros/humble PYTHONPATH=/home/utkarsh/arm_ws/install/robotic_arm_description/lib/python3.10/site-packages:/home/utkarsh/arm_ws/install/scene_manager/lib/python3.10/site-packages:/home/utkarsh/colcon_ws/install/pymoveit2/local/lib/python3.10/dist-packages:/opt/ros/humble/lib/python3.10/site-packages:/opt/ros/humble/local/lib/python3.10/dist-packages /usr/bin/cmake --install /home/utkarsh/arm_ws/build/moveit_cfg
[0.363s] Level 1:colcon.colcon_core.environment:create_environment_scripts_only(moveit_cfg)
[0.364s] DEBUG:colcon.colcon_core.event_handler.log_command:Invoked command in '/home/utkarsh/arm_ws/build/moveit_cfg' returned '0': AMENT_PREFIX_PATH=/home/utkarsh/arm_ws/install/robotic_arm_description:/home/utkarsh/arm_ws/install/scene_manager:/home/utkarsh/arm_ws/install/moveit_cfg:/home/utkarsh/arm_ws/install/motion_control:/home/utkarsh/colcon_ws/install/ur_simulation_gz:/home/utkarsh/colcon_ws/install/ur_description:/home/utkarsh/colcon_ws/install/ur5_control:/home/utkarsh/colcon_ws/install/pymoveit2:/home/utkarsh/colcon_ws/install/eyantra_warehouse:/home/utkarsh/colcon_ws/install/ebot_description:/opt/ros/humble CMAKE_PREFIX_PATH=${CMAKE_PREFIX_PATH}:/home/utkarsh/arm_ws/install/scene_manager:/home/utkarsh/arm_ws/install/robotic_arm_description:/opt/ros/humble PYTHONPATH=/home/utkarsh/arm_ws/install/robotic_arm_description/lib/python3.10/site-packages:/home/utkarsh/arm_ws/install/scene_manager/lib/python3.10/site-packages:/home/utkarsh/colcon_ws/install/pymoveit2/local/lib/python3.10/dist-packages:/opt/ros/humble/lib/python3.10/site-packages:/opt/ros/humble/local/lib/python3.10/dist-packages /usr/bin/cmake --install /home/utkarsh/arm_ws/build/moveit_cfg
[0.365s] Level 1:colcon.colcon_core.environment:checking '/home/utkarsh/arm_ws/install/moveit_cfg' for CMake module files
[0.365s] Level 1:colcon.colcon_core.environment:checking '/home/utkarsh/arm_ws/install/moveit_cfg' for CMake config files
[0.365s] Level 1:colcon.colcon_core.shell:create_environment_hook('moveit_cfg', 'cmake_prefix_path')
[0.366s] INFO:colcon.colcon_core.shell:Creating environment hook '/home/utkarsh/arm_ws/install/moveit_cfg/share/moveit_cfg/hook/cmake_prefix_path.ps1'
[0.366s] INFO:colcon.colcon_core.shell:Creating environment descriptor '/home/utkarsh/arm_ws/install/moveit_cfg/share/moveit_cfg/hook/cmake_prefix_path.dsv'
[0.366s] INFO:colcon.colcon_core.shell:Creating environment hook '/home/utkarsh/arm_ws/install/moveit_cfg/share/moveit_cfg/hook/cmake_prefix_path.sh'
[0.367s] Level 1:colcon.colcon_core.environment:checking '/home/utkarsh/arm_ws/install/moveit_cfg/bin'
[0.367s] Level 1:colcon.colcon_core.environment:checking '/home/utkarsh/arm_ws/install/moveit_cfg/lib/pkgconfig/moveit_cfg.pc'
[0.367s] Level 1:colcon.colcon_core.environment:checking '/home/utkarsh/arm_ws/install/moveit_cfg/lib/python3.10/site-packages'
[0.367s] Level 1:colcon.colcon_core.environment:checking '/home/utkarsh/arm_ws/install/moveit_cfg/bin'
[0.367s] INFO:colcon.colcon_core.shell:Creating package script '/home/utkarsh/arm_ws/install/moveit_cfg/share/moveit_cfg/package.ps1'
[0.367s] INFO:colcon.colcon_core.shell:Creating package descriptor '/home/utkarsh/arm_ws/install/moveit_cfg/share/moveit_cfg/package.dsv'
[0.368s] INFO:colcon.colcon_core.shell:Creating package script '/home/utkarsh/arm_ws/install/moveit_cfg/share/moveit_cfg/package.sh'
[0.368s] INFO:colcon.colcon_core.shell:Creating package script '/home/utkarsh/arm_ws/install/moveit_cfg/share/moveit_cfg/package.bash'
[0.368s] INFO:colcon.colcon_core.shell:Creating package script '/home/utkarsh/arm_ws/install/moveit_cfg/share/moveit_cfg/package.zsh'
[0.368s] Level 1:colcon.colcon_core.environment:create_file_with_runtime_dependencies(/home/utkarsh/arm_ws/install/moveit_cfg/share/colcon-core/packages/moveit_cfg)
[0.369s] Level 1:colcon.colcon_core.environment:create_environment_scripts_only(moveit_cfg)
[0.369s] Level 1:colcon.colcon_core.environment:checking '/home/utkarsh/arm_ws/install/moveit_cfg' for CMake module files
[0.369s] Level 1:colcon.colcon_core.environment:checking '/home/utkarsh/arm_ws/install/moveit_cfg' for CMake config files
[0.369s] Level 1:colcon.colcon_core.shell:create_environment_hook('moveit_cfg', 'cmake_prefix_path')
[0.369s] INFO:colcon.colcon_core.shell:Creating environment hook '/home/utkarsh/arm_ws/install/moveit_cfg/share/moveit_cfg/hook/cmake_prefix_path.ps1'
[0.369s] INFO:colcon.colcon_core.shell:Creating environment descriptor '/home/utkarsh/arm_ws/install/moveit_cfg/share/moveit_cfg/hook/cmake_prefix_path.dsv'
[0.370s] INFO:colcon.colcon_core.shell:Creating environment hook '/home/utkarsh/arm_ws/install/moveit_cfg/share/moveit_cfg/hook/cmake_prefix_path.sh'
[0.370s] Level 1:colcon.colcon_core.environment:checking '/home/utkarsh/arm_ws/install/moveit_cfg/bin'
[0.370s] Level 1:colcon.colcon_core.environment:checking '/home/utkarsh/arm_ws/install/moveit_cfg/lib/pkgconfig/moveit_cfg.pc'
[0.370s] Level 1:colcon.colcon_core.environment:checking '/home/utkarsh/arm_ws/install/moveit_cfg/lib/python3.10/site-packages'
[0.370s] Level 1:colcon.colcon_core.environment:checking '/home/utkarsh/arm_ws/install/moveit_cfg/bin'
[0.370s] INFO:colcon.colcon_core.shell:Creating package script '/home/utkarsh/arm_ws/install/moveit_cfg/share/moveit_cfg/package.ps1'
[0.370s] INFO:colcon.colcon_core.shell:Creating package descriptor '/home/utkarsh/arm_ws/install/moveit_cfg/share/moveit_cfg/package.dsv'
[0.371s] INFO:colcon.colcon_core.shell:Creating package script '/home/utkarsh/arm_ws/install/moveit_cfg/share/moveit_cfg/package.sh'
[0.371s] INFO:colcon.colcon_core.shell:Creating package script '/home/utkarsh/arm_ws/install/moveit_cfg/share/moveit_cfg/package.bash'
[0.371s] INFO:colcon.colcon_core.shell:Creating package script '/home/utkarsh/arm_ws/install/moveit_cfg/share/moveit_cfg/package.zsh'
[0.371s] Level 1:colcon.colcon_core.environment:create_file_with_runtime_dependencies(/home/utkarsh/arm_ws/install/moveit_cfg/share/colcon-core/packages/moveit_cfg)
[0.371s] DEBUG:colcon.colcon_parallel_executor.executor.parallel:closing loop
[0.371s] DEBUG:colcon.colcon_parallel_executor.executor.parallel:loop closed
[0.372s] DEBUG:colcon.colcon_parallel_executor.executor.parallel:run_until_complete finished with '0'
[0.372s] DEBUG:colcon.colcon_core.event_reactor:joining thread
[0.374s] INFO:colcon.colcon_core.plugin_system:Skipping extension 'colcon_notification.desktop_notification.terminal_notifier': Not used on non-Darwin systems
[0.374s] INFO:colcon.colcon_core.plugin_system:Skipping extension 'colcon_notification.desktop_notification.win32': Not used on non-Windows systems
[0.374s] INFO:colcon.colcon_notification.desktop_notification:Sending desktop notification using 'notify2'
[0.383s] DEBUG:colcon.colcon_core.event_reactor:joined thread
[0.383s] INFO:colcon.colcon_core.shell:Creating prefix script '/home/utkarsh/arm_ws/install/local_setup.ps1'
[0.384s] INFO:colcon.colcon_core.shell:Creating prefix util module '/home/utkarsh/arm_ws/install/_local_setup_util_ps1.py'
[0.385s] INFO:colcon.colcon_core.shell:Creating prefix chain script '/home/utkarsh/arm_ws/install/setup.ps1'
[0.386s] INFO:colcon.colcon_core.shell:Creating prefix script '/home/utkarsh/arm_ws/install/local_setup.sh'
[0.387s] INFO:colcon.colcon_core.shell:Creating prefix util module '/home/utkarsh/arm_ws/install/_local_setup_util_sh.py'
[0.387s] INFO:colcon.colcon_core.shell:Creating prefix chain script '/home/utkarsh/arm_ws/install/setup.sh'
[0.388s] INFO:colcon.colcon_core.shell:Creating prefix script '/home/utkarsh/arm_ws/install/local_setup.bash'
[0.389s] INFO:colcon.colcon_core.shell:Creating prefix chain script '/home/utkarsh/arm_ws/install/setup.bash'
[0.390s] INFO:colcon.colcon_core.shell:Creating prefix script '/home/utkarsh/arm_ws/install/local_setup.zsh'
[0.390s] INFO:colcon.colcon_core.shell:Creating prefix chain script '/home/utkarsh/arm_ws/install/setup.zsh'
