running egg_info
creating ../../build/robotic_arm_description/robotic_arm_description.egg-info
writing ../../build/robotic_arm_description/robotic_arm_description.egg-info/PKG-INFO
writing dependency_links to ../../build/robotic_arm_description/robotic_arm_description.egg-info/dependency_links.txt
writing entry points to ../../build/robotic_arm_description/robotic_arm_description.egg-info/entry_points.txt
writing requirements to ../../build/robotic_arm_description/robotic_arm_description.egg-info/requires.txt
writing top-level names to ../../build/robotic_arm_description/robotic_arm_description.egg-info/top_level.txt
writing manifest file '../../build/robotic_arm_description/robotic_arm_description.egg-info/SOURCES.txt'
reading manifest file '../../build/robotic_arm_description/robotic_arm_description.egg-info/SOURCES.txt'
writing manifest file '../../build/robotic_arm_description/robotic_arm_description.egg-info/SOURCES.txt'
running build
running build_py
creating /home/utkarsh/arm_ws/build/robotic_arm_description/build
creating /home/utkarsh/arm_ws/build/robotic_arm_description/build/lib
creating /home/utkarsh/arm_ws/build/robotic_arm_description/build/lib/robotic_arm_description
copying robotic_arm_description/__init__.py -> /home/utkarsh/arm_ws/build/robotic_arm_description/build/lib/robotic_arm_description
running install
running install_lib
creating /home/utkarsh/arm_ws/install/robotic_arm_description/lib/python3.10/site-packages/robotic_arm_description
copying /home/utkarsh/arm_ws/build/robotic_arm_description/build/lib/robotic_arm_description/__init__.py -> /home/utkarsh/arm_ws/install/robotic_arm_description/lib/python3.10/site-packages/robotic_arm_description
byte-compiling /home/utkarsh/arm_ws/install/robotic_arm_description/lib/python3.10/site-packages/robotic_arm_description/__init__.py to __init__.cpython-310.pyc
running install_data
creating /home/utkarsh/arm_ws/install/robotic_arm_description/share/ament_index
creating /home/utkarsh/arm_ws/install/robotic_arm_description/share/ament_index/resource_index
creating /home/utkarsh/arm_ws/install/robotic_arm_description/share/ament_index/resource_index/packages
copying resource/robotic_arm_description -> /home/utkarsh/arm_ws/install/robotic_arm_description/share/ament_index/resource_index/packages
copying package.xml -> /home/utkarsh/arm_ws/install/robotic_arm_description/share/robotic_arm_description
creating /home/utkarsh/arm_ws/install/robotic_arm_description/share/robotic_arm_description/launch
copying launch/gazebo.launch.py -> /home/utkarsh/arm_ws/install/robotic_arm_description/share/robotic_arm_description/launch
copying launch/display.launch.py -> /home/utkarsh/arm_ws/install/robotic_arm_description/share/robotic_arm_description/launch
copying launch/spawn_box.launch.py -> /home/utkarsh/arm_ws/install/robotic_arm_description/share/robotic_arm_description/launch
creating /home/utkarsh/arm_ws/install/robotic_arm_description/share/robotic_arm_description/urdf
copying urdf/robotic_arm.trans -> /home/utkarsh/arm_ws/install/robotic_arm_description/share/robotic_arm_description/urdf
copying urdf/materials.xacro -> /home/utkarsh/arm_ws/install/robotic_arm_description/share/robotic_arm_description/urdf
copying urdf/robotic_arm_moveit.xacro -> /home/utkarsh/arm_ws/install/robotic_arm_description/share/robotic_arm_description/urdf
copying urdf/robotic_arm.gazebo -> /home/utkarsh/arm_ws/install/robotic_arm_description/share/robotic_arm_description/urdf
copying urdf/robotic_arm.xacro -> /home/utkarsh/arm_ws/install/robotic_arm_description/share/robotic_arm_description/urdf
creating /home/utkarsh/arm_ws/install/robotic_arm_description/share/robotic_arm_description/meshes
copying meshes/link_2_1.stl -> /home/utkarsh/arm_ws/install/robotic_arm_description/share/robotic_arm_description/meshes
copying meshes/link_1_1.stl -> /home/utkarsh/arm_ws/install/robotic_arm_description/share/robotic_arm_description/meshes
copying meshes/base_link.stl -> /home/utkarsh/arm_ws/install/robotic_arm_description/share/robotic_arm_description/meshes
copying meshes/Gripper_Base_1.stl -> /home/utkarsh/arm_ws/install/robotic_arm_description/share/robotic_arm_description/meshes
copying meshes/Gripper_R_1.stl -> /home/utkarsh/arm_ws/install/robotic_arm_description/share/robotic_arm_description/meshes
copying meshes/Gripper_L_1.stl -> /home/utkarsh/arm_ws/install/robotic_arm_description/share/robotic_arm_description/meshes
copying meshes/link_4_1.stl -> /home/utkarsh/arm_ws/install/robotic_arm_description/share/robotic_arm_description/meshes
copying meshes/gear_R_1.stl -> /home/utkarsh/arm_ws/install/robotic_arm_description/share/robotic_arm_description/meshes
copying meshes/link_3_1.stl -> /home/utkarsh/arm_ws/install/robotic_arm_description/share/robotic_arm_description/meshes
copying meshes/gear_L_1.stl -> /home/utkarsh/arm_ws/install/robotic_arm_description/share/robotic_arm_description/meshes
creating /home/utkarsh/arm_ws/install/robotic_arm_description/share/robotic_arm_description/config
copying config/my_controllers.yaml -> /home/utkarsh/arm_ws/install/robotic_arm_description/share/robotic_arm_description/config
copying config/display.rviz -> /home/utkarsh/arm_ws/install/robotic_arm_description/share/robotic_arm_description/config
copying config/gazebo.rviz -> /home/utkarsh/arm_ws/install/robotic_arm_description/share/robotic_arm_description/config
copying config/ros_gz_bridge_gazebo.yaml -> /home/utkarsh/arm_ws/install/robotic_arm_description/share/robotic_arm_description/config
running install_egg_info
Copying ../../build/robotic_arm_description/robotic_arm_description.egg-info to /home/utkarsh/arm_ws/install/robotic_arm_description/lib/python3.10/site-packages/robotic_arm_description-0.0.0-py3.10.egg-info
running install_scripts
writing list of installed files to '/home/utkarsh/arm_ws/build/robotic_arm_description/install.log'
