running egg_info
creating ../../build/scene_manager/scene_manager.egg-info
writing ../../build/scene_manager/scene_manager.egg-info/PKG-INFO
writing dependency_links to ../../build/scene_manager/scene_manager.egg-info/dependency_links.txt
writing entry points to ../../build/scene_manager/scene_manager.egg-info/entry_points.txt
writing requirements to ../../build/scene_manager/scene_manager.egg-info/requires.txt
writing top-level names to ../../build/scene_manager/scene_manager.egg-info/top_level.txt
writing manifest file '../../build/scene_manager/scene_manager.egg-info/SOURCES.txt'
reading manifest file '../../build/scene_manager/scene_manager.egg-info/SOURCES.txt'
writing manifest file '../../build/scene_manager/scene_manager.egg-info/SOURCES.txt'
running build
running build_py
creating /home/utkarsh/arm_ws/build/scene_manager/build
creating /home/utkarsh/arm_ws/build/scene_manager/build/lib
creating /home/utkarsh/arm_ws/build/scene_manager/build/lib/scene_manager
copying scene_manager/__init__.py -> /home/utkarsh/arm_ws/build/scene_manager/build/lib/scene_manager
copying scene_manager/add_box.py -> /home/utkarsh/arm_ws/build/scene_manager/build/lib/scene_manager
running install
running install_lib
creating /home/utkarsh/arm_ws/install/scene_manager/lib/python3.10/site-packages/scene_manager
copying /home/utkarsh/arm_ws/build/scene_manager/build/lib/scene_manager/__init__.py -> /home/utkarsh/arm_ws/install/scene_manager/lib/python3.10/site-packages/scene_manager
copying /home/utkarsh/arm_ws/build/scene_manager/build/lib/scene_manager/add_box.py -> /home/utkarsh/arm_ws/install/scene_manager/lib/python3.10/site-packages/scene_manager
byte-compiling /home/utkarsh/arm_ws/install/scene_manager/lib/python3.10/site-packages/scene_manager/__init__.py to __init__.cpython-310.pyc
byte-compiling /home/utkarsh/arm_ws/install/scene_manager/lib/python3.10/site-packages/scene_manager/add_box.py to add_box.cpython-310.pyc
running install_data
creating /home/utkarsh/arm_ws/install/scene_manager/share/ament_index
creating /home/utkarsh/arm_ws/install/scene_manager/share/ament_index/resource_index
creating /home/utkarsh/arm_ws/install/scene_manager/share/ament_index/resource_index/packages
copying resource/scene_manager -> /home/utkarsh/arm_ws/install/scene_manager/share/ament_index/resource_index/packages
copying package.xml -> /home/utkarsh/arm_ws/install/scene_manager/share/scene_manager
running install_egg_info
Copying ../../build/scene_manager/scene_manager.egg-info to /home/utkarsh/arm_ws/install/scene_manager/lib/python3.10/site-packages/scene_manager-0.0.0-py3.10.egg-info
running install_scripts
Installing add_box script to /home/utkarsh/arm_ws/install/scene_manager/lib/scene_manager
writing list of installed files to '/home/utkarsh/arm_ws/build/scene_manager/install.log'
